[2021-11-25 12:06:38,946][INFO][__init__.py:126]:	UM-BMS Logger initialized in host [Rachels-MacBook-Air-75.local].
[2021-11-25 12:06:38,947][INFO][make_recon_img_figs.py:93]:	Beginning...Plotting of All Reconstruted Images...
[2021-11-25 12:08:35,702][INFO][__init__.py:126]:	UM-BMS Logger initialized in host [Rachels-MacBook-Air-75.local].
[2021-11-25 12:08:35,703][INFO][make_recon_img_figs.py:93]:	Beginning...Plotting of All Reconstruted Images...
[2021-11-25 12:10:40,437][INFO][__init__.py:126]:	UM-BMS Logger initialized in host [Rachels-MacBook-Air-75.local].
[2021-11-25 12:10:40,437][INFO][make_recon_img_figs.py:93]:	Beginning...Plotting of All Reconstruted Images...
[2021-11-25 12:10:58,338][INFO][__init__.py:126]:	UM-BMS Logger initialized in host [Rachels-MacBook-Air-75.local].
[2021-11-25 12:10:58,338][INFO][make_recon_img_figs.py:93]:	Beginning...Plotting of All Reconstruted Images...
[2021-11-25 12:11:44,422][INFO][__init__.py:126]:	UM-BMS Logger initialized in host [Rachels-MacBook-Air-75.local].
[2021-11-25 12:11:44,422][INFO][make_recon_img_figs.py:93]:	Beginning...Plotting of All Reconstruted Images...
[2021-11-25 12:18:40,285][INFO][__init__.py:126]:	UM-BMS Logger initialized in host [Rachels-MacBook-Air-75.local].
[2021-11-25 12:18:40,285][INFO][make_recon_img_figs.py:93]:	Beginning...Plotting of All Reconstruted Images...
[2021-11-25 12:58:24,864][INFO][__init__.py:126]:	UM-BMS Logger initialized in host [Rachels-MacBook-Air-75.local].
[2021-11-25 12:58:24,866][INFO][make_recon_img_figs.py:93]:	Beginning...Plotting of All Reconstruted Images...
[2021-11-25 12:58:24,897][INFO][make_recon_img_figs.py:51]:		Making figs for expt id:	c2sf3cm
[2021-11-25 17:29:29,296][INFO][__init__.py:126]:	UM-BMS Logger initialized in host [Rachels-MacBook-Air-75.local].
[2021-11-25 17:29:29,298][INFO][make_recon_img_figs.py:93]:	Beginning...Plotting of All Reconstruted Images...
[2021-11-25 17:29:29,662][INFO][make_recon_img_figs.py:51]:		Making figs for expt id:	c2sf3cm
[2021-11-26 09:25:35,716][INFO][__init__.py:126]:	UM-BMS Logger initialized in host [Rachels-MacBook-Air-75.local].
[2021-11-26 09:25:35,718][INFO][make_recon_img_figs.py:93]:	Beginning...Plotting of All Reconstruted Images...
[2021-11-26 09:25:35,720][INFO][make_recon_img_figs.py:51]:		Making figs for expt id:	c2sf3cm
[2021-11-27 18:03:42,041][INFO][__init__.py:126]:	UM-BMS Logger initialized in host [Rachels-MacBook-Air-75.local].
[2021-11-27 18:03:42,043][INFO][make_recon_img_figs.py:93]:	Beginning...Plotting of All Reconstruted Images...
[2021-11-27 18:03:42,046][INFO][make_recon_img_figs.py:51]:		Making figs for expt id:	c2sf3cm
[2021-11-27 18:06:55,098][INFO][__init__.py:126]:	UM-BMS Logger initialized in host [Rachels-MacBook-Air-75.local].
[2021-11-27 18:06:55,098][INFO][make_recon_img_figs.py:93]:	Beginning...Plotting of All Reconstruted Images...
[2021-11-27 18:06:55,101][INFO][make_recon_img_figs.py:51]:		Making figs for expt id:	c2sf3cm
[2021-11-27 18:07:48,526][INFO][__init__.py:126]:	UM-BMS Logger initialized in host [Rachels-MacBook-Air-75.local].
[2021-11-27 18:07:48,527][INFO][make_recon_img_figs.py:93]:	Beginning...Plotting of All Reconstruted Images...
[2021-11-27 18:07:48,529][INFO][make_recon_img_figs.py:51]:		Making figs for expt id:	c2sf3cm
[2021-11-27 18:17:35,926][INFO][__init__.py:126]:	UM-BMS Logger initialized in host [Rachels-MacBook-Air-75.local].
[2021-11-27 18:17:35,928][INFO][make_recon_img_figs.py:93]:	Beginning...Plotting of All Reconstruted Images...
[2021-11-27 18:17:35,931][INFO][make_recon_img_figs.py:51]:		Making figs for expt id:	c2sf3cm
[2021-11-27 19:07:54,874][INFO][__init__.py:126]:	UM-BMS Logger initialized in host [Rachels-MacBook-Air-75.local].
[2021-11-27 19:07:54,876][INFO][make_recon_img_figs.py:93]:	Beginning...Plotting of All Reconstruted Images...
[2021-11-27 19:07:54,878][INFO][make_recon_img_figs.py:51]:		Making figs for expt id:	c2sf3cm
[2021-11-27 19:10:23,243][INFO][__init__.py:126]:	UM-BMS Logger initialized in host [Rachels-MacBook-Air-75.local].
[2021-11-27 19:10:23,244][INFO][make_recon_img_figs.py:93]:	Beginning...Plotting of All Reconstruted Images...
[2021-11-27 19:10:23,246][INFO][make_recon_img_figs.py:51]:		Making figs for expt id:	c2sf3cm
[2021-11-28 21:37:23,545][INFO][__init__.py:126]:	UM-BMS Logger initialized in host [Rachels-MacBook-Air-75.local].
[2021-11-28 21:37:23,547][INFO][make_recon_img_figs.py:93]:	Beginning...Plotting of All Reconstruted Images...
[2021-11-28 21:37:23,549][INFO][make_recon_img_figs.py:51]:		Making figs for expt id:	c2sf3cm
[2021-11-28 21:46:04,402][INFO][__init__.py:126]:	UM-BMS Logger initialized in host [Rachels-MacBook-Air-75.local].
[2021-11-28 21:46:04,403][INFO][make_recon_img_figs.py:93]:	Beginning...Plotting of All Reconstruted Images...
[2021-11-28 21:46:04,406][INFO][make_recon_img_figs.py:51]:		Making figs for expt id:	c2sf3cm
[2021-11-28 21:47:25,604][INFO][__init__.py:126]:	UM-BMS Logger initialized in host [Rachels-MacBook-Air-75.local].
[2021-11-28 21:47:25,604][INFO][make_recon_img_figs.py:93]:	Beginning...Plotting of All Reconstruted Images...
[2021-11-28 21:47:25,606][INFO][make_recon_img_figs.py:51]:		Making figs for expt id:	c2sf3cm
[2021-11-28 21:49:43,927][INFO][__init__.py:126]:	UM-BMS Logger initialized in host [Rachels-MacBook-Air-75.local].
[2021-11-28 21:49:43,928][INFO][make_recon_img_figs.py:93]:	Beginning...Plotting of All Reconstruted Images...
[2021-11-28 21:49:43,930][INFO][make_recon_img_figs.py:51]:		Making figs for expt id:	c2sf3cm
[2021-11-28 21:51:06,274][INFO][__init__.py:126]:	UM-BMS Logger initialized in host [Rachels-MacBook-Air-75.local].
[2021-11-28 21:51:06,274][INFO][make_recon_img_figs.py:93]:	Beginning...Plotting of All Reconstruted Images...
[2021-11-28 21:51:06,276][INFO][make_recon_img_figs.py:51]:		Making figs for expt id:	c2sf3cm
[2021-11-28 21:52:17,733][INFO][__init__.py:126]:	UM-BMS Logger initialized in host [Rachels-MacBook-Air-75.local].
[2021-11-28 21:52:17,734][INFO][make_recon_img_figs.py:93]:	Beginning...Plotting of All Reconstruted Images...
[2021-11-28 21:52:17,737][INFO][make_recon_img_figs.py:51]:		Making figs for expt id:	c2sf3cm
[2021-11-28 22:03:47,260][INFO][__init__.py:126]:	UM-BMS Logger initialized in host [Rachels-MacBook-Air-75.local].
[2021-11-28 22:03:47,262][INFO][make_recon_img_figs.py:93]:	Beginning...Plotting of All Reconstruted Images...
[2021-11-28 22:03:47,265][INFO][make_recon_img_figs.py:51]:		Making figs for expt id:	c2sf3cm
[2021-11-28 22:05:15,783][INFO][__init__.py:126]:	UM-BMS Logger initialized in host [Rachels-MacBook-Air-75.local].
[2021-11-28 22:05:15,783][INFO][make_recon_img_figs.py:93]:	Beginning...Plotting of All Reconstruted Images...
[2021-11-28 22:05:15,785][INFO][make_recon_img_figs.py:51]:		Making figs for expt id:	c2sf3cm
[2021-11-28 22:06:51,706][INFO][__init__.py:126]:	UM-BMS Logger initialized in host [Rachels-MacBook-Air-75.local].
[2021-11-28 22:06:51,706][INFO][make_recon_img_figs.py:93]:	Beginning...Plotting of All Reconstruted Images...
[2021-11-28 22:06:51,708][INFO][make_recon_img_figs.py:51]:		Making figs for expt id:	c2sf3cm
[2021-12-01 11:55:07,108][INFO][__init__.py:126]:	UM-BMS Logger initialized in host [Rachels-MacBook-Air-75.local].
[2021-12-01 11:55:07,110][INFO][make_recon_img_figs.py:93]:	Beginning...Plotting of All Reconstruted Images...
[2021-12-01 11:55:07,119][INFO][make_recon_img_figs.py:51]:		Making figs for expt id:	c2sf3cm
[2021-12-01 12:29:00,944][INFO][__init__.py:126]:	UM-BMS Logger initialized in host [Rachels-MacBook-Air-75.local].
[2021-12-01 12:29:00,945][INFO][make_recon_img_figs.py:93]:	Beginning...Plotting of All Reconstruted Images...
[2021-12-01 12:29:00,948][INFO][make_recon_img_figs.py:51]:		Making figs for expt id:	c2sf3cm
[2021-12-01 12:33:02,460][INFO][__init__.py:126]:	UM-BMS Logger initialized in host [Rachels-MacBook-Air-75.local].
[2021-12-01 12:33:02,461][INFO][make_recon_img_figs.py:93]:	Beginning...Plotting of All Reconstruted Images...
[2021-12-01 12:33:02,463][INFO][make_recon_img_figs.py:51]:		Making figs for expt id:	c2sf3cm
[2021-12-01 12:34:13,303][INFO][__init__.py:126]:	UM-BMS Logger initialized in host [Rachels-MacBook-Air-75.local].
[2021-12-01 12:34:13,304][INFO][make_recon_img_figs.py:93]:	Beginning...Plotting of All Reconstruted Images...
[2021-12-01 12:34:13,306][INFO][make_recon_img_figs.py:51]:		Making figs for expt id:	c2sf3cm
[2021-12-01 12:36:40,728][INFO][__init__.py:126]:	UM-BMS Logger initialized in host [Rachels-MacBook-Air-75.local].
[2021-12-01 12:36:40,728][INFO][make_recon_img_figs.py:98]:	Beginning...Plotting of All Reconstruted Images...
[2021-12-01 12:36:40,731][INFO][make_recon_img_figs.py:51]:		Making figs for expt id:	c2sf3cm
[2021-12-01 12:40:33,991][INFO][__init__.py:126]:	UM-BMS Logger initialized in host [Rachels-MacBook-Air-75.local].
[2021-12-01 12:40:33,991][INFO][make_recon_img_figs.py:98]:	Beginning...Plotting of All Reconstruted Images...
[2021-12-01 12:40:33,993][INFO][make_recon_img_figs.py:51]:		Making figs for expt id:	c2sf3cm
[2021-12-01 12:52:45,910][INFO][__init__.py:126]:	UM-BMS Logger initialized in host [Rachels-MacBook-Air-75.local].
[2021-12-01 12:52:45,912][INFO][make_recon_img_figs.py:98]:	Beginning...Plotting of All Reconstruted Images...
[2021-12-01 12:52:45,914][INFO][make_recon_img_figs.py:51]:		Making figs for expt id:	c2sf3cm
[2021-12-01 12:59:11,326][INFO][__init__.py:126]:	UM-BMS Logger initialized in host [Rachels-MacBook-Air-75.local].
[2021-12-01 12:59:11,327][INFO][make_recon_img_figs.py:98]:	Beginning...Plotting of All Reconstruted Images...
[2021-12-01 12:59:11,329][INFO][make_recon_img_figs.py:51]:		Making figs for expt id:	c2sf3cm
[2021-12-01 13:01:04,827][INFO][__init__.py:126]:	UM-BMS Logger initialized in host [Rachels-MacBook-Air-75.local].
[2021-12-01 13:01:04,827][INFO][make_recon_img_figs.py:98]:	Beginning...Plotting of All Reconstruted Images...
[2021-12-01 13:01:04,829][INFO][make_recon_img_figs.py:51]:		Making figs for expt id:	c2sf3cm
[2021-12-01 13:02:04,447][INFO][__init__.py:126]:	UM-BMS Logger initialized in host [Rachels-MacBook-Air-75.local].
[2021-12-01 13:02:04,447][INFO][make_recon_img_figs.py:98]:	Beginning...Plotting of All Reconstruted Images...
[2021-12-01 13:02:04,449][INFO][make_recon_img_figs.py:51]:		Making figs for expt id:	c2sf3cm
[2021-12-01 13:04:34,759][INFO][__init__.py:126]:	UM-BMS Logger initialized in host [Rachels-MacBook-Air-75.local].
[2021-12-01 13:04:34,759][INFO][make_recon_img_figs.py:98]:	Beginning...Plotting of All Reconstruted Images...
[2021-12-01 13:04:34,761][INFO][make_recon_img_figs.py:51]:		Making figs for expt id:	c2sf3cm
[2021-12-02 23:11:22,752][INFO][__init__.py:126]:	UM-BMS Logger initialized in host [Rachels-MacBook-Air-75.local].
[2021-12-02 23:11:22,754][INFO][make_recon_img_figs.py:98]:	Beginning...Plotting of All Reconstruted Images...
[2021-12-02 23:11:22,756][INFO][make_recon_img_figs.py:51]:		Making figs for expt id:	c2sf3cm
[2021-12-02 23:11:44,523][INFO][__init__.py:126]:	UM-BMS Logger initialized in host [Rachels-MacBook-Air-75.local].
[2021-12-02 23:11:44,523][INFO][make_recon_img_figs.py:98]:	Beginning...Plotting of All Reconstruted Images...
[2021-12-02 23:11:44,525][INFO][make_recon_img_figs.py:51]:		Making figs for expt id:	c2sf3cm
[2021-12-02 23:14:22,569][INFO][__init__.py:126]:	UM-BMS Logger initialized in host [Rachels-MacBook-Air-75.local].
[2021-12-02 23:14:22,569][INFO][make_recon_img_figs.py:98]:	Beginning...Plotting of All Reconstruted Images...
[2021-12-02 23:14:22,571][INFO][make_recon_img_figs.py:51]:		Making figs for expt id:	c2sf3cm
[2022-01-10 19:37:01,839][INFO][__init__.py:126]:	UM-BMS Logger initialized in host [Rachels-MacBook-Air-75.local].
[2022-01-10 19:37:01,841][INFO][make_recon_img_figs.py:98]:	Beginning...Plotting of All Reconstruted Images...
[2022-01-10 19:37:01,843][INFO][make_recon_img_figs.py:51]:		Making figs for expt id:	c2sf3cm
[2022-01-10 19:42:14,885][INFO][__init__.py:126]:	UM-BMS Logger initialized in host [Rachels-MacBook-Air-75.local].
[2022-01-10 19:42:14,886][INFO][make_recon_img_figs.py:98]:	Beginning...Plotting of All Reconstruted Images...
[2022-01-10 19:42:14,891][INFO][make_recon_img_figs.py:51]:		Making figs for expt id:	c2sf3cm
[2022-01-10 19:56:16,562][INFO][__init__.py:126]:	UM-BMS Logger initialized in host [Rachels-MacBook-Air-75.local].
[2022-01-10 19:56:16,563][INFO][make_recon_img_figs.py:98]:	Beginning...Plotting of All Reconstruted Images...
[2022-01-10 19:56:16,566][INFO][make_recon_img_figs.py:51]:		Making figs for expt id:	c2sf3cm
[2022-01-10 19:57:10,562][INFO][__init__.py:126]:	UM-BMS Logger initialized in host [Rachels-MacBook-Air-75.local].
[2022-01-10 19:57:10,563][INFO][make_recon_img_figs.py:99]:	Beginning...Plotting of All Reconstruted Images...
[2022-01-10 19:57:10,565][INFO][make_recon_img_figs.py:51]:		Making figs for expt id:	c2sf3cm
[2022-01-10 19:59:06,978][INFO][__init__.py:126]:	UM-BMS Logger initialized in host [Rachels-MacBook-Air-75.local].
[2022-01-10 19:59:06,978][INFO][make_recon_img_figs.py:99]:	Beginning...Plotting of All Reconstruted Images...
[2022-01-10 19:59:06,980][INFO][make_recon_img_figs.py:51]:		Making figs for expt id:	c2sf3cm
[2022-01-10 20:30:36,107][INFO][__init__.py:126]:	UM-BMS Logger initialized in host [Rachels-MacBook-Air-75.local].
[2022-01-10 20:30:36,109][INFO][make_recon_img_figs.py:100]:	Beginning...Plotting of All Reconstruted Images...
[2022-01-10 20:30:36,112][INFO][make_recon_img_figs.py:51]:		Making figs for expt id:	c2sf3cm
[2022-01-10 20:32:24,313][INFO][__init__.py:126]:	UM-BMS Logger initialized in host [Rachels-MacBook-Air-75.local].
[2022-01-10 20:32:24,313][INFO][make_recon_img_figs.py:100]:	Beginning...Plotting of All Reconstruted Images...
[2022-01-10 20:32:24,318][INFO][make_recon_img_figs.py:51]:		Making figs for expt id:	c2sf3cm
[2022-01-10 20:36:23,141][INFO][__init__.py:126]:	UM-BMS Logger initialized in host [Rachels-MacBook-Air-75.local].
[2022-01-10 20:36:23,142][INFO][make_recon_img_figs.py:100]:	Beginning...Plotting of All Reconstruted Images...
[2022-01-10 20:36:23,143][INFO][make_recon_img_figs.py:51]:		Making figs for expt id:	c2sf3cm
[2022-01-10 20:40:14,964][INFO][__init__.py:126]:	UM-BMS Logger initialized in host [Rachels-MacBook-Air-75.local].
[2022-01-10 20:40:14,964][INFO][make_recon_img_figs.py:100]:	Beginning...Plotting of All Reconstruted Images...
[2022-01-10 20:40:14,967][INFO][make_recon_img_figs.py:51]:		Making figs for expt id:	c2sf3cm
[2022-01-10 20:51:55,577][INFO][__init__.py:126]:	UM-BMS Logger initialized in host [Rachels-MacBook-Air-75.local].
[2022-01-10 20:51:55,578][INFO][make_recon_img_figs.py:100]:	Beginning...Plotting of All Reconstruted Images...
[2022-01-10 20:51:55,581][INFO][make_recon_img_figs.py:51]:		Making figs for expt id:	c2sf3cm
[2022-01-10 20:54:39,209][INFO][__init__.py:126]:	UM-BMS Logger initialized in host [Rachels-MacBook-Air-75.local].
[2022-01-10 20:54:39,209][INFO][make_recon_img_figs.py:100]:	Beginning...Plotting of All Reconstruted Images...
[2022-01-10 20:54:39,211][INFO][make_recon_img_figs.py:51]:		Making figs for expt id:	c2sf3cm
[2022-01-11 17:09:39,188][INFO][__init__.py:126]:	UM-BMS Logger initialized in host [Rachels-MacBook-Air-75.local].
[2022-01-11 17:09:39,190][INFO][make_recon_img_figs.py:100]:	Beginning...Plotting of All Reconstruted Images...
[2022-01-11 17:09:39,193][INFO][make_recon_img_figs.py:51]:		Making figs for expt id:	c2sf3cm
[2022-01-11 17:16:56,464][INFO][__init__.py:126]:	UM-BMS Logger initialized in host [Rachels-MacBook-Air-75.local].
[2022-01-11 17:16:56,465][INFO][make_recon_img_figs.py:100]:	Beginning...Plotting of All Reconstruted Images...
[2022-01-11 17:16:56,470][INFO][make_recon_img_figs.py:51]:		Making figs for expt id:	c2sf3cm
[2022-01-11 17:17:39,919][INFO][__init__.py:126]:	UM-BMS Logger initialized in host [Rachels-MacBook-Air-75.local].
[2022-01-11 17:17:39,920][INFO][make_recon_img_figs.py:100]:	Beginning...Plotting of All Reconstruted Images...
[2022-01-11 17:17:39,921][INFO][make_recon_img_figs.py:51]:		Making figs for expt id:	c2sf3cm
[2022-01-11 17:18:22,912][INFO][__init__.py:126]:	UM-BMS Logger initialized in host [Rachels-MacBook-Air-75.local].
[2022-01-11 17:18:22,913][INFO][make_recon_img_figs.py:100]:	Beginning...Plotting of All Reconstruted Images...
[2022-01-11 17:18:22,915][INFO][make_recon_img_figs.py:51]:		Making figs for expt id:	c2sf3cm
[2022-01-11 17:21:18,802][INFO][__init__.py:126]:	UM-BMS Logger initialized in host [Rachels-MacBook-Air-75.local].
[2022-01-11 17:21:18,804][INFO][make_recon_img_figs.py:100]:	Beginning...Plotting of All Reconstruted Images...
[2022-01-11 17:21:18,806][INFO][make_recon_img_figs.py:51]:		Making figs for expt id:	c2sf3cm
[2022-01-11 18:00:22,540][INFO][__init__.py:126]:	UM-BMS Logger initialized in host [Rachels-MacBook-Air-75.local].
[2022-01-11 18:00:22,541][INFO][make_recon_img_figs.py:100]:	Beginning...Plotting of All Reconstruted Images...
[2022-01-11 18:00:22,543][INFO][make_recon_img_figs.py:51]:		Making figs for expt id:	c2sf3cm
[2022-01-11 18:14:40,305][INFO][__init__.py:126]:	UM-BMS Logger initialized in host [Rachels-MacBook-Air-75.local].
[2022-01-11 18:14:40,306][INFO][make_recon_img_figs.py:100]:	Beginning...Plotting of All Reconstruted Images...
[2022-01-11 18:14:40,308][INFO][make_recon_img_figs.py:51]:		Making figs for expt id:	c2sf3cm
[2022-01-11 18:31:38,609][INFO][__init__.py:126]:	UM-BMS Logger initialized in host [Rachels-MacBook-Air-75.local].
[2022-01-11 18:31:38,612][INFO][make_recon_img_figs.py:100]:	Beginning...Plotting of All Reconstruted Images...
[2022-01-11 18:31:38,614][INFO][make_recon_img_figs.py:51]:		Making figs for expt id:	c2sf3cm
[2022-01-24 17:07:39,107][INFO][__init__.py:126]:	UM-BMS Logger initialized in host [Rachels-MacBook-Air-75.local].
[2022-01-24 17:07:39,108][INFO][make_recon_img_figs.py:100]:	Beginning...Plotting of All Reconstruted Images...
[2022-01-24 17:07:39,112][INFO][make_recon_img_figs.py:51]:		Making figs for expt id:	c2sf3cm
[2022-01-24 17:22:04,630][INFO][__init__.py:126]:	UM-BMS Logger initialized in host [Rachels-MacBook-Air-75.local].
[2022-01-24 17:22:04,631][INFO][make_recon_img_figs.py:101]:	Beginning...Plotting of All Reconstruted Images...
[2022-01-24 17:22:04,634][INFO][make_recon_img_figs.py:51]:		Making figs for expt id:	c2sf3cm
[2022-01-24 17:24:27,261][INFO][__init__.py:126]:	UM-BMS Logger initialized in host [Rachels-MacBook-Air-75.local].
[2022-01-24 17:24:27,263][INFO][make_recon_img_figs.py:101]:	Beginning...Plotting of All Reconstruted Images...
[2022-01-24 17:24:27,265][INFO][make_recon_img_figs.py:51]:		Making figs for expt id:	c2sf3cm
[2022-01-24 17:25:41,894][INFO][__init__.py:126]:	UM-BMS Logger initialized in host [Rachels-MacBook-Air-75.local].
[2022-01-24 17:25:41,895][INFO][make_recon_img_figs.py:101]:	Beginning...Plotting of All Reconstruted Images...
[2022-01-24 17:25:41,897][INFO][make_recon_img_figs.py:51]:		Making figs for expt id:	c2sf3cm
[2022-01-24 17:45:03,343][INFO][__init__.py:126]:	UM-BMS Logger initialized in host [Rachels-MacBook-Air-75.local].
[2022-01-24 17:45:03,344][INFO][make_recon_img_figs.py:101]:	Beginning...Plotting of All Reconstruted Images...
[2022-01-24 17:45:03,347][INFO][make_recon_img_figs.py:51]:		Making figs for expt id:	c2sf3cm
[2022-01-24 17:57:12,319][INFO][__init__.py:126]:	UM-BMS Logger initialized in host [Rachels-MacBook-Air-75.local].
[2022-01-24 17:57:12,319][INFO][make_recon_img_figs.py:101]:	Beginning...Plotting of All Reconstruted Images...
[2022-01-24 17:57:12,321][INFO][make_recon_img_figs.py:51]:		Making figs for expt id:	c2sf3cm
[2022-01-24 18:40:32,010][INFO][__init__.py:126]:	UM-BMS Logger initialized in host [Rachels-MacBook-Air-75.local].
[2022-01-24 18:40:32,012][INFO][make_recon_img_figs.py:101]:	Beginning...Plotting of All Reconstruted Images...
[2022-01-24 18:40:32,014][INFO][make_recon_img_figs.py:51]:		Making figs for expt id:	c2sf3cm
[2022-01-24 18:41:53,686][INFO][__init__.py:126]:	UM-BMS Logger initialized in host [Rachels-MacBook-Air-75.local].
[2022-01-24 18:41:53,686][INFO][make_recon_img_figs.py:101]:	Beginning...Plotting of All Reconstruted Images...
[2022-01-24 18:41:53,688][INFO][make_recon_img_figs.py:51]:		Making figs for expt id:	c2sf3cm
[2022-01-24 19:11:46,204][INFO][__init__.py:126]:	UM-BMS Logger initialized in host [Rachels-MacBook-Air-75.local].
[2022-01-24 19:11:46,205][INFO][make_recon_img_figs.py:101]:	Beginning...Plotting of All Reconstruted Images...
[2022-01-24 19:11:46,207][INFO][make_recon_img_figs.py:51]:		Making figs for expt id:	c2sf3cm
[2022-01-24 19:15:15,571][INFO][__init__.py:126]:	UM-BMS Logger initialized in host [Rachels-MacBook-Air-75.local].
[2022-01-24 19:15:15,571][INFO][make_recon_img_figs.py:80]:	Beginning...Plotting of All Reconstruted Images...
[2022-01-24 19:15:15,573][INFO][make_recon_img_figs.py:51]:		Making figs for expt id:	c2sf3cm
[2022-01-24 19:16:04,092][INFO][__init__.py:126]:	UM-BMS Logger initialized in host [Rachels-MacBook-Air-75.local].
[2022-01-24 19:16:04,094][INFO][make_recon_img_figs.py:80]:	Beginning...Plotting of All Reconstruted Images...
[2022-01-24 19:16:04,096][INFO][make_recon_img_figs.py:51]:		Making figs for expt id:	c2sf3cm
[2022-01-24 19:17:09,443][INFO][__init__.py:126]:	UM-BMS Logger initialized in host [Rachels-MacBook-Air-75.local].
[2022-01-24 19:17:09,444][INFO][make_recon_img_figs.py:81]:	Beginning...Plotting of All Reconstruted Images...
[2022-01-24 19:17:09,447][INFO][make_recon_img_figs.py:52]:		Making figs for expt id:	c2sf3cm
[2022-01-24 19:21:38,900][INFO][__init__.py:126]:	UM-BMS Logger initialized in host [Rachels-MacBook-Air-75.local].
[2022-01-24 19:21:38,901][INFO][make_recon_img_figs.py:81]:	Beginning...Plotting of All Reconstruted Images...
[2022-01-24 19:21:38,904][INFO][make_recon_img_figs.py:52]:		Making figs for expt id:	c2sf3cm
[2022-01-24 19:29:37,877][INFO][__init__.py:126]:	UM-BMS Logger initialized in host [Rachels-MacBook-Air-75.local].
[2022-01-24 19:29:37,877][INFO][make_recon_img_figs.py:81]:	Beginning...Plotting of All Reconstruted Images...
[2022-01-24 19:29:37,879][INFO][make_recon_img_figs.py:52]:		Making figs for expt id:	c2sf3cm
[2022-01-25 16:37:15,313][INFO][__init__.py:126]:	UM-BMS Logger initialized in host [Rachels-MacBook-Air-75.local].
[2022-01-25 16:37:15,318][INFO][make_recon_img_figs.py:81]:	Beginning...Plotting of All Reconstruted Images...
[2022-01-25 16:37:15,321][INFO][make_recon_img_figs.py:52]:		Making figs for expt id:	c2sf3cm
[2022-01-25 16:37:49,503][INFO][__init__.py:126]:	UM-BMS Logger initialized in host [Rachels-MacBook-Air-75.local].
[2022-01-25 16:37:49,503][INFO][make_recon_img_figs.py:81]:	Beginning...Plotting of All Reconstruted Images...
[2022-01-25 16:37:49,506][INFO][make_recon_img_figs.py:52]:		Making figs for expt id:	c2sf3cm
[2022-01-25 16:38:01,447][INFO][__init__.py:126]:	UM-BMS Logger initialized in host [Rachels-MacBook-Air-75.local].
[2022-01-25 16:38:01,448][INFO][make_recon_img_figs.py:81]:	Beginning...Plotting of All Reconstruted Images...
[2022-01-25 16:38:01,450][INFO][make_recon_img_figs.py:52]:		Making figs for expt id:	c2sf3cm
[2022-01-25 16:40:35,198][INFO][__init__.py:126]:	UM-BMS Logger initialized in host [Rachels-MacBook-Air-75.local].
[2022-01-25 16:40:35,198][INFO][make_recon_img_figs.py:81]:	Beginning...Plotting of All Reconstruted Images...
[2022-01-25 16:40:35,200][INFO][make_recon_img_figs.py:52]:		Making figs for expt id:	c2sf3cm
[2022-01-25 17:47:15,413][INFO][__init__.py:126]:	UM-BMS Logger initialized in host [Rachels-MacBook-Air-75.local].
[2022-01-25 17:47:15,416][INFO][make_recon_img_figs.py:81]:	Beginning...Plotting of All Reconstruted Images...
[2022-01-25 17:47:15,418][INFO][make_recon_img_figs.py:52]:		Making figs for expt id:	c2sf3cm
[2022-01-25 17:47:30,528][INFO][__init__.py:126]:	UM-BMS Logger initialized in host [Rachels-MacBook-Air-75.local].
[2022-01-25 17:47:30,528][INFO][make_recon_img_figs.py:81]:	Beginning...Plotting of All Reconstruted Images...
[2022-01-25 17:47:30,531][INFO][make_recon_img_figs.py:52]:		Making figs for expt id:	c2sf3cm
[2022-01-25 17:55:21,132][INFO][__init__.py:126]:	UM-BMS Logger initialized in host [Rachels-MacBook-Air-75.local].
[2022-01-25 17:55:21,134][INFO][make_recon_img_figs.py:81]:	Beginning...Plotting of All Reconstruted Images...
[2022-01-25 17:55:21,136][INFO][make_recon_img_figs.py:52]:		Making figs for expt id:	c2sf3cm
[2022-01-25 17:57:13,922][INFO][__init__.py:126]:	UM-BMS Logger initialized in host [Rachels-MacBook-Air-75.local].
[2022-01-25 17:57:13,922][INFO][make_recon_img_figs.py:81]:	Beginning...Plotting of All Reconstruted Images...
[2022-01-25 17:57:13,924][INFO][make_recon_img_figs.py:52]:		Making figs for expt id:	c2sf3cm
[2022-01-25 17:59:39,837][INFO][__init__.py:126]:	UM-BMS Logger initialized in host [Rachels-MacBook-Air-75.local].
[2022-01-25 17:59:39,838][INFO][make_recon_img_figs.py:81]:	Beginning...Plotting of All Reconstruted Images...
[2022-01-25 17:59:39,841][INFO][make_recon_img_figs.py:52]:		Making figs for expt id:	c2sf3cm
[2022-01-25 18:04:13,888][INFO][__init__.py:126]:	UM-BMS Logger initialized in host [Rachels-MacBook-Air-75.local].
[2022-01-25 18:04:13,888][INFO][make_recon_img_figs.py:81]:	Beginning...Plotting of All Reconstruted Images...
[2022-01-25 18:04:13,890][INFO][make_recon_img_figs.py:52]:		Making figs for expt id:	c2sf3cm
[2022-01-25 18:04:55,756][INFO][__init__.py:126]:	UM-BMS Logger initialized in host [Rachels-MacBook-Air-75.local].
[2022-01-25 18:04:55,756][INFO][make_recon_img_figs.py:81]:	Beginning...Plotting of All Reconstruted Images...
[2022-01-25 18:04:55,760][INFO][make_recon_img_figs.py:52]:		Making figs for expt id:	c2sf3cm
[2022-01-25 18:05:29,489][INFO][__init__.py:126]:	UM-BMS Logger initialized in host [Rachels-MacBook-Air-75.local].
[2022-01-25 18:05:29,489][INFO][make_recon_img_figs.py:81]:	Beginning...Plotting of All Reconstruted Images...
[2022-01-25 18:05:29,491][INFO][make_recon_img_figs.py:52]:		Making figs for expt id:	c2sf3cm
[2022-01-25 18:05:44,072][INFO][__init__.py:126]:	UM-BMS Logger initialized in host [Rachels-MacBook-Air-75.local].
[2022-01-25 18:05:44,073][INFO][make_recon_img_figs.py:81]:	Beginning...Plotting of All Reconstruted Images...
[2022-01-25 18:05:44,075][INFO][make_recon_img_figs.py:52]:		Making figs for expt id:	c2sf3cm
[2022-01-25 18:05:53,956][INFO][__init__.py:126]:	UM-BMS Logger initialized in host [Rachels-MacBook-Air-75.local].
[2022-01-25 18:05:53,956][INFO][make_recon_img_figs.py:81]:	Beginning...Plotting of All Reconstruted Images...
[2022-01-25 18:05:53,958][INFO][make_recon_img_figs.py:52]:		Making figs for expt id:	c2sf3cm
[2022-01-25 18:07:53,685][INFO][__init__.py:126]:	UM-BMS Logger initialized in host [Rachels-MacBook-Air-75.local].
[2022-01-25 18:07:53,685][INFO][make_recon_img_figs.py:81]:	Beginning...Plotting of All Reconstruted Images...
[2022-01-25 18:07:53,687][INFO][make_recon_img_figs.py:52]:		Making figs for expt id:	c1mf2cm
[2022-01-25 18:14:44,609][INFO][__init__.py:126]:	UM-BMS Logger initialized in host [Rachels-MacBook-Air-75.local].
[2022-01-25 18:14:44,610][INFO][make_recon_img_figs.py:81]:	Beginning...Plotting of All Reconstruted Images...
[2022-01-25 18:14:44,618][INFO][make_recon_img_figs.py:52]:		Making figs for expt id:	c1mf2cm
[2022-01-25 18:24:33,061][INFO][__init__.py:126]:	UM-BMS Logger initialized in host [Rachels-MacBook-Air-75.local].
[2022-01-25 18:24:33,062][INFO][make_recon_img_figs.py:81]:	Beginning...Plotting of All Reconstruted Images...
[2022-01-25 18:24:33,065][INFO][make_recon_img_figs.py:52]:		Making figs for expt id:	c1mf2cm
[2022-01-27 21:31:58,073][INFO][__init__.py:126]:	UM-BMS Logger initialized in host [Rachels-MacBook-Air-75.local].
[2022-01-27 21:31:58,074][INFO][make_recon_img_figs.py:81]:	Beginning...Plotting of All Reconstruted Images...
[2022-01-27 21:31:58,077][INFO][make_recon_img_figs.py:52]:		Making figs for expt id:	c1mf2cm
[2022-01-27 21:33:22,446][INFO][__init__.py:126]:	UM-BMS Logger initialized in host [Rachels-MacBook-Air-75.local].
[2022-01-27 21:33:22,447][INFO][make_recon_img_figs.py:81]:	Beginning...Plotting of All Reconstruted Images...
[2022-01-27 21:33:22,449][INFO][make_recon_img_figs.py:52]:		Making figs for expt id:	c1mf2cm
[2022-01-27 21:35:17,956][INFO][__init__.py:126]:	UM-BMS Logger initialized in host [Rachels-MacBook-Air-75.local].
[2022-01-27 21:35:17,956][INFO][make_recon_img_figs.py:81]:	Beginning...Plotting of All Reconstruted Images...
[2022-01-27 21:35:17,959][INFO][make_recon_img_figs.py:52]:		Making figs for expt id:	c1mf2cm
[2022-01-27 21:35:43,853][INFO][__init__.py:126]:	UM-BMS Logger initialized in host [Rachels-MacBook-Air-75.local].
[2022-01-27 21:35:43,854][INFO][make_recon_img_figs.py:81]:	Beginning...Plotting of All Reconstruted Images...
[2022-01-27 21:35:43,855][INFO][make_recon_img_figs.py:52]:		Making figs for expt id:	c1mf2cm
[2022-01-27 21:36:02,545][INFO][__init__.py:126]:	UM-BMS Logger initialized in host [Rachels-MacBook-Air-75.local].
[2022-01-27 21:36:02,546][INFO][make_recon_img_figs.py:81]:	Beginning...Plotting of All Reconstruted Images...
[2022-01-27 21:36:02,548][INFO][make_recon_img_figs.py:52]:		Making figs for expt id:	c1mf2cm
[2022-01-27 21:36:18,883][INFO][__init__.py:126]:	UM-BMS Logger initialized in host [Rachels-MacBook-Air-75.local].
[2022-01-27 21:36:18,883][INFO][make_recon_img_figs.py:81]:	Beginning...Plotting of All Reconstruted Images...
[2022-01-27 21:36:18,885][INFO][make_recon_img_figs.py:52]:		Making figs for expt id:	c1mf2cm
[2022-01-27 21:36:38,208][INFO][__init__.py:126]:	UM-BMS Logger initialized in host [Rachels-MacBook-Air-75.local].
[2022-01-27 21:36:38,209][INFO][make_recon_img_figs.py:81]:	Beginning...Plotting of All Reconstruted Images...
[2022-01-27 21:36:38,211][INFO][make_recon_img_figs.py:52]:		Making figs for expt id:	c1mf2cm
[2022-01-29 17:31:03,937][INFO][__init__.py:126]:	UM-BMS Logger initialized in host [Rachels-MacBook-Air-75.local].
[2022-01-29 17:31:03,938][INFO][make_recon_img_figs.py:81]:	Beginning...Plotting of All Reconstruted Images...
[2022-01-29 17:31:03,948][INFO][make_recon_img_figs.py:52]:		Making figs for expt id:	c1mf2cm
[2022-01-29 17:31:19,322][INFO][__init__.py:126]:	UM-BMS Logger initialized in host [Rachels-MacBook-Air-75.local].
[2022-01-29 17:31:19,323][INFO][make_recon_img_figs.py:81]:	Beginning...Plotting of All Reconstruted Images...
[2022-01-29 17:31:19,325][INFO][make_recon_img_figs.py:52]:		Making figs for expt id:	c1mf2cm
[2022-01-29 17:32:02,831][INFO][__init__.py:126]:	UM-BMS Logger initialized in host [Rachels-MacBook-Air-75.local].
[2022-01-29 17:32:02,832][INFO][make_recon_img_figs.py:81]:	Beginning...Plotting of All Reconstruted Images...
[2022-01-29 17:32:02,835][INFO][make_recon_img_figs.py:52]:		Making figs for expt id:	c1mf2cm
[2022-01-29 17:32:32,244][INFO][__init__.py:126]:	UM-BMS Logger initialized in host [Rachels-MacBook-Air-75.local].
[2022-01-29 17:32:32,245][INFO][make_recon_img_figs.py:81]:	Beginning...Plotting of All Reconstruted Images...
[2022-01-29 17:32:32,248][INFO][make_recon_img_figs.py:52]:		Making figs for expt id:	c1mf2cm
[2022-01-29 17:35:14,434][INFO][__init__.py:126]:	UM-BMS Logger initialized in host [Rachels-MacBook-Air-75.local].
[2022-01-29 17:35:14,434][INFO][make_recon_img_figs.py:81]:	Beginning...Plotting of All Reconstruted Images...
[2022-01-29 17:35:14,437][INFO][make_recon_img_figs.py:52]:		Making figs for expt id:	c1mf2cm
[2022-01-29 19:07:34,385][INFO][__init__.py:126]:	UM-BMS Logger initialized in host [Rachels-MacBook-Air-75.local].
[2022-01-29 19:07:34,390][INFO][make_recon_img_figs.py:84]:	Beginning...Plotting of All Reconstruted Images...
[2022-01-29 19:07:34,459][INFO][make_recon_img_figs.py:55]:		Making figs for expt id:	423
[2022-01-29 19:07:44,900][INFO][make_recon_img_figs.py:55]:		Making figs for expt id:	438
[2022-01-29 19:07:47,492][INFO][make_recon_img_figs.py:55]:		Making figs for expt id:	660
[2022-01-29 19:07:48,461][INFO][make_recon_img_figs.py:55]:		Making figs for expt id:	82
[2022-01-29 19:07:49,305][INFO][make_recon_img_figs.py:55]:		Making figs for expt id:	90
[2022-01-29 19:07:50,051][INFO][make_recon_img_figs.py:55]:		Making figs for expt id:	93
[2022-01-29 19:07:50,918][INFO][make_recon_img_figs.py:55]:		Making figs for expt id:	95
[2022-01-29 19:07:51,674][INFO][make_recon_img_figs.py:55]:		Making figs for expt id:	96
[2022-01-29 19:07:52,347][INFO][make_recon_img_figs.py:55]:		Making figs for expt id:	240
[2022-01-29 19:07:53,014][INFO][make_recon_img_figs.py:55]:		Making figs for expt id:	241
[2022-01-29 19:07:53,593][INFO][make_recon_img_figs.py:55]:		Making figs for expt id:	127
[2022-01-29 19:07:54,249][INFO][make_recon_img_figs.py:55]:		Making figs for expt id:	128
[2022-01-29 19:07:54,887][INFO][make_recon_img_figs.py:55]:		Making figs for expt id:	129
[2022-01-29 19:07:55,629][INFO][make_recon_img_figs.py:55]:		Making figs for expt id:	130
[2022-01-29 19:07:57,540][INFO][make_recon_img_figs.py:55]:		Making figs for expt id:	131
[2022-01-29 19:07:58,525][INFO][make_recon_img_figs.py:55]:		Making figs for expt id:	132
[2022-01-29 19:07:59,296][INFO][make_recon_img_figs.py:55]:		Making figs for expt id:	133
[2022-01-29 19:08:00,062][INFO][make_recon_img_figs.py:55]:		Making figs for expt id:	134
[2022-01-29 19:08:00,770][INFO][make_recon_img_figs.py:55]:		Making figs for expt id:	135
[2022-01-29 19:08:01,521][INFO][make_recon_img_figs.py:55]:		Making figs for expt id:	916
[2022-01-29 19:08:02,241][INFO][make_recon_img_figs.py:55]:		Making figs for expt id:	917
[2022-01-29 19:08:02,954][INFO][make_recon_img_figs.py:55]:		Making figs for expt id:	918
[2022-01-29 19:08:03,678][INFO][make_recon_img_figs.py:55]:		Making figs for expt id:	919
[2022-01-29 19:08:50,505][INFO][__init__.py:126]:	UM-BMS Logger initialized in host [Rachels-MacBook-Air-75.local].
[2022-01-29 19:08:50,505][INFO][make_recon_img_figs.py:84]:	Beginning...Plotting of All Reconstruted Images...
[2022-01-29 19:08:50,550][INFO][make_recon_img_figs.py:55]:		Making figs for expt id:	423
[2022-01-29 19:09:44,088][INFO][make_recon_img_figs.py:55]:		Making figs for expt id:	438
[2022-01-29 19:09:54,780][INFO][make_recon_img_figs.py:55]:		Making figs for expt id:	660
[2022-01-29 19:09:55,744][INFO][make_recon_img_figs.py:55]:		Making figs for expt id:	82
[2022-01-29 19:09:56,483][INFO][make_recon_img_figs.py:55]:		Making figs for expt id:	90
[2022-01-29 19:09:56,972][INFO][make_recon_img_figs.py:55]:		Making figs for expt id:	93
[2022-01-29 19:09:57,703][INFO][make_recon_img_figs.py:55]:		Making figs for expt id:	95
[2022-01-29 19:09:58,222][INFO][make_recon_img_figs.py:55]:		Making figs for expt id:	96
[2022-01-29 19:09:58,809][INFO][make_recon_img_figs.py:55]:		Making figs for expt id:	240
[2022-01-29 19:09:59,454][INFO][make_recon_img_figs.py:55]:		Making figs for expt id:	241
[2022-01-29 19:10:00,132][INFO][make_recon_img_figs.py:55]:		Making figs for expt id:	127
[2022-01-29 19:10:01,057][INFO][make_recon_img_figs.py:55]:		Making figs for expt id:	128
[2022-01-29 19:10:01,594][INFO][make_recon_img_figs.py:55]:		Making figs for expt id:	129
[2022-01-29 19:10:02,082][INFO][make_recon_img_figs.py:55]:		Making figs for expt id:	130
[2022-01-29 19:10:03,037][INFO][make_recon_img_figs.py:55]:		Making figs for expt id:	131
[2022-01-29 19:10:03,767][INFO][make_recon_img_figs.py:55]:		Making figs for expt id:	132
[2022-01-29 19:10:04,643][INFO][make_recon_img_figs.py:55]:		Making figs for expt id:	133
[2022-01-29 19:10:05,516][INFO][make_recon_img_figs.py:55]:		Making figs for expt id:	134
[2022-01-29 19:10:06,471][INFO][make_recon_img_figs.py:55]:		Making figs for expt id:	135
[2022-01-29 19:10:07,443][INFO][make_recon_img_figs.py:55]:		Making figs for expt id:	916
[2022-01-29 19:10:08,417][INFO][make_recon_img_figs.py:55]:		Making figs for expt id:	917
[2022-01-29 19:10:09,242][INFO][make_recon_img_figs.py:55]:		Making figs for expt id:	918
[2022-01-29 19:10:10,044][INFO][make_recon_img_figs.py:55]:		Making figs for expt id:	919
[2022-01-29 19:12:21,224][INFO][__init__.py:126]:	UM-BMS Logger initialized in host [Rachels-MacBook-Air-75.local].
[2022-01-29 19:12:21,224][INFO][make_recon_img_figs.py:84]:	Beginning...Plotting of All Reconstruted Images...
[2022-01-29 19:12:21,270][INFO][make_recon_img_figs.py:55]:		Making figs for expt id:	132
[2022-01-29 19:18:13,546][INFO][__init__.py:126]:	UM-BMS Logger initialized in host [Rachels-MacBook-Air-75.local].
[2022-01-29 19:18:13,548][INFO][make_recon_img_figs.py:84]:	Beginning...Plotting of All Reconstruted Images...
[2022-01-29 19:18:13,560][INFO][make_recon_img_figs.py:55]:		Making figs for expt id:	919
[2022-01-29 19:25:52,900][INFO][__init__.py:126]:	UM-BMS Logger initialized in host [Rachels-MacBook-Air-75.local].
[2022-01-29 19:25:52,901][INFO][make_recon_img_figs.py:84]:	Beginning...Plotting of All Reconstruted Images...
[2022-01-29 19:25:52,911][INFO][make_recon_img_figs.py:55]:		Making figs for expt id:	93
[2022-01-29 19:40:59,213][INFO][__init__.py:126]:	UM-BMS Logger initialized in host [Rachels-MacBook-Air-75.local].
[2022-01-29 19:40:59,214][INFO][make_recon_img_figs.py:84]:	Beginning...Plotting of All Reconstruted Images...
[2022-01-29 19:40:59,224][INFO][make_recon_img_figs.py:55]:		Making figs for expt id:	93
[2022-01-29 19:55:16,006][INFO][__init__.py:126]:	UM-BMS Logger initialized in host [Rachels-MacBook-Air-75.local].
[2022-01-29 19:55:16,007][INFO][make_recon_img_figs.py:84]:	Beginning...Plotting of All Reconstruted Images...
[2022-01-29 19:55:16,114][INFO][make_recon_img_figs.py:55]:		Making figs for expt id:	423
[2022-01-29 19:55:50,834][INFO][__init__.py:126]:	UM-BMS Logger initialized in host [Rachels-MacBook-Air-75.local].
[2022-01-29 19:55:50,834][INFO][make_recon_img_figs.py:84]:	Beginning...Plotting of All Reconstruted Images...
[2022-01-29 19:55:50,875][INFO][make_recon_img_figs.py:55]:		Making figs for expt id:	423
[2022-01-29 19:59:08,698][INFO][__init__.py:126]:	UM-BMS Logger initialized in host [Rachels-MacBook-Air-75.local].
[2022-01-29 19:59:08,698][INFO][make_recon_img_figs.py:84]:	Beginning...Plotting of All Reconstruted Images...
[2022-01-29 19:59:08,736][INFO][make_recon_img_figs.py:55]:		Making figs for expt id:	423
[2022-01-29 20:01:39,663][INFO][__init__.py:126]:	UM-BMS Logger initialized in host [Rachels-MacBook-Air-75.local].
[2022-01-29 20:01:39,663][INFO][make_recon_img_figs.py:84]:	Beginning...Plotting of All Reconstruted Images...
[2022-01-29 20:01:39,710][INFO][make_recon_img_figs.py:55]:		Making figs for expt id:	423
[2022-01-29 20:04:24,692][INFO][__init__.py:126]:	UM-BMS Logger initialized in host [Rachels-MacBook-Air-75.local].
[2022-01-29 20:04:24,692][INFO][make_recon_img_figs.py:84]:	Beginning...Plotting of All Reconstruted Images...
[2022-01-29 20:04:24,731][INFO][make_recon_img_figs.py:55]:		Making figs for expt id:	423
[2022-01-29 20:05:18,851][INFO][__init__.py:126]:	UM-BMS Logger initialized in host [Rachels-MacBook-Air-75.local].
[2022-01-29 20:05:18,852][INFO][make_recon_img_figs.py:84]:	Beginning...Plotting of All Reconstruted Images...
[2022-01-29 20:05:18,951][INFO][make_recon_img_figs.py:55]:		Making figs for expt id:	423
[2022-01-29 20:05:20,315][INFO][make_recon_img_figs.py:55]:		Making figs for expt id:	438
[2022-01-29 20:05:21,069][INFO][make_recon_img_figs.py:55]:		Making figs for expt id:	660
[2022-01-29 20:05:21,903][INFO][make_recon_img_figs.py:55]:		Making figs for expt id:	82
[2022-01-29 20:05:22,658][INFO][make_recon_img_figs.py:55]:		Making figs for expt id:	90
[2022-01-29 20:05:23,366][INFO][make_recon_img_figs.py:55]:		Making figs for expt id:	93
[2022-01-29 20:05:24,036][INFO][make_recon_img_figs.py:55]:		Making figs for expt id:	95
[2022-01-29 20:05:25,098][INFO][make_recon_img_figs.py:55]:		Making figs for expt id:	96
[2022-01-29 20:05:25,797][INFO][make_recon_img_figs.py:55]:		Making figs for expt id:	240
[2022-01-29 20:05:26,818][INFO][make_recon_img_figs.py:55]:		Making figs for expt id:	241
[2022-01-29 20:05:27,474][INFO][make_recon_img_figs.py:55]:		Making figs for expt id:	127
[2022-01-29 20:05:28,101][INFO][make_recon_img_figs.py:55]:		Making figs for expt id:	128
[2022-01-29 20:05:28,710][INFO][make_recon_img_figs.py:55]:		Making figs for expt id:	129
[2022-01-29 20:05:29,460][INFO][make_recon_img_figs.py:55]:		Making figs for expt id:	130
[2022-01-29 20:05:30,139][INFO][make_recon_img_figs.py:55]:		Making figs for expt id:	131
[2022-01-29 20:05:30,809][INFO][make_recon_img_figs.py:55]:		Making figs for expt id:	132
[2022-01-29 20:05:31,473][INFO][make_recon_img_figs.py:55]:		Making figs for expt id:	133
[2022-01-29 20:05:32,100][INFO][make_recon_img_figs.py:55]:		Making figs for expt id:	134
[2022-01-29 20:05:32,806][INFO][make_recon_img_figs.py:55]:		Making figs for expt id:	135
[2022-01-29 20:05:33,476][INFO][make_recon_img_figs.py:55]:		Making figs for expt id:	916
[2022-01-29 20:05:34,089][INFO][make_recon_img_figs.py:55]:		Making figs for expt id:	917
[2022-01-29 20:05:34,700][INFO][make_recon_img_figs.py:55]:		Making figs for expt id:	918
[2022-01-29 20:05:35,342][INFO][make_recon_img_figs.py:55]:		Making figs for expt id:	919
[2022-01-30 13:30:58,453][INFO][__init__.py:126]:	UM-BMS Logger initialized in host [Rachels-MacBook-Air-75.local].
[2022-01-30 13:30:58,456][INFO][make_recon_img_figs.py:84]:	Beginning...Plotting of All Reconstruted Images...
[2022-01-30 13:30:58,522][INFO][make_recon_img_figs.py:55]:		Making figs for expt id:	150
[2022-01-30 13:31:00,019][INFO][make_recon_img_figs.py:55]:		Making figs for expt id:	151
[2022-01-30 13:31:00,929][INFO][make_recon_img_figs.py:55]:		Making figs for expt id:	152
[2022-01-30 13:31:01,733][INFO][make_recon_img_figs.py:55]:		Making figs for expt id:	153
[2022-01-30 13:31:02,463][INFO][make_recon_img_figs.py:55]:		Making figs for expt id:	158
[2022-01-30 13:31:03,441][INFO][make_recon_img_figs.py:55]:		Making figs for expt id:	630
[2022-01-30 13:31:04,562][INFO][make_recon_img_figs.py:55]:		Making figs for expt id:	489
[2022-01-30 13:31:05,355][INFO][make_recon_img_figs.py:55]:		Making figs for expt id:	564
[2022-01-30 13:31:06,130][INFO][make_recon_img_figs.py:55]:		Making figs for expt id:	512
[2022-01-30 13:31:06,861][INFO][make_recon_img_figs.py:55]:		Making figs for expt id:	930
[2022-01-30 13:31:07,664][INFO][make_recon_img_figs.py:55]:		Making figs for expt id:	268
[2022-01-30 13:31:08,658][INFO][make_recon_img_figs.py:55]:		Making figs for expt id:	722
[2022-01-30 13:31:09,750][INFO][make_recon_img_figs.py:55]:		Making figs for expt id:	230
[2022-01-30 13:31:10,544][INFO][make_recon_img_figs.py:55]:		Making figs for expt id:	521
[2022-01-30 13:31:11,324][INFO][make_recon_img_figs.py:55]:		Making figs for expt id:	733
[2022-01-30 13:31:12,104][INFO][make_recon_img_figs.py:55]:		Making figs for expt id:	326
[2022-01-30 13:31:12,841][INFO][make_recon_img_figs.py:55]:		Making figs for expt id:	814
[2022-01-30 13:31:13,593][INFO][make_recon_img_figs.py:55]:		Making figs for expt id:	926
[2022-01-30 13:31:14,363][INFO][make_recon_img_figs.py:55]:		Making figs for expt id:	1000
[2022-01-30 13:42:04,894][INFO][__init__.py:126]:	UM-BMS Logger initialized in host [Rachels-MacBook-Air-75.local].
[2022-01-30 13:42:04,895][INFO][make_recon_img_figs.py:84]:	Beginning...Plotting of All Reconstruted Images...
[2022-01-30 13:42:04,941][INFO][make_recon_img_figs.py:55]:		Making figs for expt id:	150
[2022-01-30 13:42:05,884][INFO][make_recon_img_figs.py:55]:		Making figs for expt id:	151
[2022-01-30 13:42:06,525][INFO][make_recon_img_figs.py:55]:		Making figs for expt id:	152
[2022-01-30 13:42:07,453][INFO][make_recon_img_figs.py:55]:		Making figs for expt id:	153
[2022-01-30 13:42:08,319][INFO][make_recon_img_figs.py:55]:		Making figs for expt id:	158
[2022-01-30 13:42:09,331][INFO][make_recon_img_figs.py:55]:		Making figs for expt id:	630
[2022-01-30 13:42:10,872][INFO][make_recon_img_figs.py:55]:		Making figs for expt id:	489
[2022-01-30 13:42:11,856][INFO][make_recon_img_figs.py:55]:		Making figs for expt id:	564
[2022-01-30 13:42:12,930][INFO][make_recon_img_figs.py:55]:		Making figs for expt id:	512
[2022-01-30 13:42:13,869][INFO][make_recon_img_figs.py:55]:		Making figs for expt id:	930
[2022-01-30 13:42:14,767][INFO][make_recon_img_figs.py:55]:		Making figs for expt id:	268
[2022-01-30 13:42:15,525][INFO][make_recon_img_figs.py:55]:		Making figs for expt id:	722
[2022-01-30 13:42:16,308][INFO][make_recon_img_figs.py:55]:		Making figs for expt id:	230
[2022-01-30 13:42:17,069][INFO][make_recon_img_figs.py:55]:		Making figs for expt id:	521
[2022-01-30 13:42:18,026][INFO][make_recon_img_figs.py:55]:		Making figs for expt id:	733
[2022-01-30 13:42:19,324][INFO][make_recon_img_figs.py:55]:		Making figs for expt id:	326
[2022-01-30 13:42:20,310][INFO][make_recon_img_figs.py:55]:		Making figs for expt id:	814
[2022-01-30 13:42:21,222][INFO][make_recon_img_figs.py:55]:		Making figs for expt id:	926
[2022-01-30 13:42:22,344][INFO][make_recon_img_figs.py:55]:		Making figs for expt id:	1000
[2022-01-30 13:55:27,812][INFO][__init__.py:126]:	UM-BMS Logger initialized in host [Rachels-MacBook-Air-75.local].
[2022-01-30 13:55:27,814][INFO][make_recon_img_figs.py:84]:	Beginning...Plotting of All Reconstruted Images...
[2022-01-30 13:55:27,855][INFO][make_recon_img_figs.py:55]:		Making figs for expt id:	442
[2022-01-30 13:55:28,787][INFO][make_recon_img_figs.py:55]:		Making figs for expt id:	693
[2022-01-30 13:55:29,535][INFO][make_recon_img_figs.py:55]:		Making figs for expt id:	530
[2022-01-30 13:55:30,344][INFO][make_recon_img_figs.py:55]:		Making figs for expt id:	970
[2022-01-30 13:55:30,983][INFO][make_recon_img_figs.py:55]:		Making figs for expt id:	971
[2022-01-30 13:55:31,613][INFO][make_recon_img_figs.py:55]:		Making figs for expt id:	972
[2022-01-30 13:55:32,282][INFO][make_recon_img_figs.py:55]:		Making figs for expt id:	533
[2022-01-30 13:55:32,919][INFO][make_recon_img_figs.py:55]:		Making figs for expt id:	536
[2022-01-30 13:55:33,599][INFO][make_recon_img_figs.py:55]:		Making figs for expt id:	275
[2022-01-30 13:55:34,256][INFO][make_recon_img_figs.py:55]:		Making figs for expt id:	544
[2022-01-30 13:55:34,912][INFO][make_recon_img_figs.py:55]:		Making figs for expt id:	237
[2022-01-30 13:55:35,601][INFO][make_recon_img_figs.py:55]:		Making figs for expt id:	492
[2022-01-30 13:55:36,218][INFO][make_recon_img_figs.py:55]:		Making figs for expt id:	744
[2022-01-30 13:55:36,856][INFO][make_recon_img_figs.py:55]:		Making figs for expt id:	332
[2022-01-30 13:55:37,568][INFO][make_recon_img_figs.py:55]:		Making figs for expt id:	1005
[2022-01-30 13:55:38,221][INFO][make_recon_img_figs.py:55]:		Making figs for expt id:	337
[2022-01-30 13:55:38,935][INFO][make_recon_img_figs.py:55]:		Making figs for expt id:	349
[2022-01-30 13:55:39,661][INFO][make_recon_img_figs.py:55]:		Making figs for expt id:	353
[2022-01-30 13:55:40,380][INFO][make_recon_img_figs.py:55]:		Making figs for expt id:	887
[2022-01-30 14:57:09,479][INFO][__init__.py:126]:	UM-BMS Logger initialized in host [Rachels-MacBook-Air-75.local].
[2022-01-30 14:57:09,480][INFO][make_recon_img_figs.py:84]:	Beginning...Plotting of All Reconstruted Images...
[2022-01-30 14:57:09,518][INFO][make_recon_img_figs.py:55]:		Making figs for expt id:	c2sf3cm
[2022-01-30 14:57:10,553][INFO][make_recon_img_figs.py:55]:		Making figs for expt id:	c2sf2cm
[2022-01-30 14:57:11,559][INFO][make_recon_img_figs.py:55]:		Making figs for expt id:	c3sf3cm
[2022-01-30 14:57:12,419][INFO][make_recon_img_figs.py:55]:		Making figs for expt id:	c3sf2cm
[2022-01-30 14:57:13,149][INFO][make_recon_img_figs.py:55]:		Making figs for expt id:	c4sf3cm
[2022-01-30 14:57:13,976][INFO][make_recon_img_figs.py:55]:		Making figs for expt id:	c4sf2cm
[2022-01-30 14:57:14,744][INFO][make_recon_img_figs.py:55]:		Making figs for expt id:	c1mf3cm
[2022-01-30 14:57:15,378][INFO][make_recon_img_figs.py:55]:		Making figs for expt id:	c1mf2cm
[2022-01-30 14:57:16,097][INFO][make_recon_img_figs.py:55]:		Making figs for expt id:	c2mf3cm
[2022-01-30 14:57:16,845][INFO][make_recon_img_figs.py:55]:		Making figs for expt id:	c2mf2cm
[2022-01-30 14:57:17,501][INFO][make_recon_img_figs.py:55]:		Making figs for expt id:	c3mf3cm
[2022-01-30 14:57:18,226][INFO][make_recon_img_figs.py:55]:		Making figs for expt id:	c3mf2cm
[2022-01-30 14:57:18,851][INFO][make_recon_img_figs.py:55]:		Making figs for expt id:	c4mf3cm
[2022-01-30 14:57:19,461][INFO][make_recon_img_figs.py:55]:		Making figs for expt id:	c4mf2cm
[2022-01-30 14:57:20,195][INFO][make_recon_img_figs.py:55]:		Making figs for expt id:	c1lf3cm
[2022-01-30 14:57:20,788][INFO][make_recon_img_figs.py:55]:		Making figs for expt id:	c1lf2cm
[2022-01-30 14:57:21,433][INFO][make_recon_img_figs.py:55]:		Making figs for expt id:	c2lf3cm
[2022-01-30 14:57:22,030][INFO][make_recon_img_figs.py:55]:		Making figs for expt id:	c2lf2cm
[2022-01-30 15:20:41,823][INFO][__init__.py:126]:	UM-BMS Logger initialized in host [Rachels-MacBook-Air-75.local].
[2022-01-30 15:20:41,824][INFO][make_recon_img_figs.py:89]:	Beginning...Plotting of All Reconstruted Images...
[2022-01-30 15:20:41,859][INFO][make_recon_img_figs.py:56]:		Making figs for expt id:	c2sf3cm
[2022-01-30 15:20:41,923][INFO][make_recon_img_figs.py:56]:		Making figs for expt id:	c2sf2cm
[2022-01-30 15:20:41,972][INFO][make_recon_img_figs.py:56]:		Making figs for expt id:	c3sf3cm
[2022-01-30 15:20:42,023][INFO][make_recon_img_figs.py:56]:		Making figs for expt id:	c3sf2cm
[2022-01-30 15:20:42,072][INFO][make_recon_img_figs.py:56]:		Making figs for expt id:	c4sf3cm
[2022-01-30 15:20:42,120][INFO][make_recon_img_figs.py:56]:		Making figs for expt id:	c4sf2cm
[2022-01-30 15:20:42,169][INFO][make_recon_img_figs.py:56]:		Making figs for expt id:	c1mf3cm
[2022-01-30 15:20:42,226][INFO][make_recon_img_figs.py:56]:		Making figs for expt id:	c1mf2cm
[2022-01-30 15:20:42,279][INFO][make_recon_img_figs.py:56]:		Making figs for expt id:	c2mf3cm
[2022-01-30 15:20:42,327][INFO][make_recon_img_figs.py:56]:		Making figs for expt id:	c2mf2cm
[2022-01-30 15:20:42,374][INFO][make_recon_img_figs.py:56]:		Making figs for expt id:	c3mf3cm
[2022-01-30 15:20:42,419][INFO][make_recon_img_figs.py:56]:		Making figs for expt id:	c3mf2cm
[2022-01-30 15:20:42,460][INFO][make_recon_img_figs.py:56]:		Making figs for expt id:	c4mf3cm
[2022-01-30 15:20:42,507][INFO][make_recon_img_figs.py:56]:		Making figs for expt id:	c4mf2cm
[2022-01-30 15:20:42,554][INFO][make_recon_img_figs.py:56]:		Making figs for expt id:	c1lf3cm
[2022-01-30 15:20:42,595][INFO][make_recon_img_figs.py:56]:		Making figs for expt id:	c1lf2cm
[2022-01-30 15:20:42,642][INFO][make_recon_img_figs.py:56]:		Making figs for expt id:	c2lf3cm
[2022-01-30 15:20:42,687][INFO][make_recon_img_figs.py:56]:		Making figs for expt id:	c2lf2cm
[2022-01-31 12:20:36,421][INFO][__init__.py:126]:	UM-BMS Logger initialized in host [Rachels-MacBook-Air-75.local].
[2022-01-31 12:20:36,426][INFO][make_recon_img_figs.py:94]:	Beginning...Plotting of All Reconstruted Images...
[2022-01-31 12:20:36,517][INFO][make_recon_img_figs.py:58]:		Making figs for expt id:	c2sf3cm
[2022-01-31 12:20:36,600][INFO][make_recon_img_figs.py:58]:		Making figs for expt id:	c2sf2cm
[2022-01-31 12:20:36,657][INFO][make_recon_img_figs.py:58]:		Making figs for expt id:	c3sf3cm
[2022-01-31 12:20:36,717][INFO][make_recon_img_figs.py:58]:		Making figs for expt id:	c3sf2cm
[2022-01-31 12:20:36,776][INFO][make_recon_img_figs.py:58]:		Making figs for expt id:	c4sf3cm
[2022-01-31 12:20:36,828][INFO][make_recon_img_figs.py:58]:		Making figs for expt id:	c4sf2cm
[2022-01-31 12:20:36,871][INFO][make_recon_img_figs.py:58]:		Making figs for expt id:	c1mf3cm
[2022-01-31 12:20:36,919][INFO][make_recon_img_figs.py:58]:		Making figs for expt id:	c1mf2cm
[2022-01-31 12:20:36,963][INFO][make_recon_img_figs.py:58]:		Making figs for expt id:	c2mf3cm
[2022-01-31 12:20:37,006][INFO][make_recon_img_figs.py:58]:		Making figs for expt id:	c2mf2cm
[2022-01-31 12:20:37,052][INFO][make_recon_img_figs.py:58]:		Making figs for expt id:	c3mf3cm
[2022-01-31 12:20:37,099][INFO][make_recon_img_figs.py:58]:		Making figs for expt id:	c3mf2cm
[2022-01-31 12:20:37,150][INFO][make_recon_img_figs.py:58]:		Making figs for expt id:	c4mf3cm
[2022-01-31 12:20:37,195][INFO][make_recon_img_figs.py:58]:		Making figs for expt id:	c4mf2cm
[2022-01-31 12:20:37,246][INFO][make_recon_img_figs.py:58]:		Making figs for expt id:	c1lf3cm
[2022-01-31 12:20:37,291][INFO][make_recon_img_figs.py:58]:		Making figs for expt id:	c1lf2cm
[2022-01-31 12:20:37,345][INFO][make_recon_img_figs.py:58]:		Making figs for expt id:	c2lf3cm
[2022-01-31 12:20:37,388][INFO][make_recon_img_figs.py:58]:		Making figs for expt id:	c2lf2cm
[2022-01-31 12:21:03,224][INFO][__init__.py:126]:	UM-BMS Logger initialized in host [Rachels-MacBook-Air-75.local].
[2022-01-31 12:21:03,224][INFO][make_recon_img_figs.py:94]:	Beginning...Plotting of All Reconstruted Images...
[2022-01-31 12:21:20,462][INFO][__init__.py:126]:	UM-BMS Logger initialized in host [Rachels-MacBook-Air-75.local].
[2022-01-31 12:21:20,463][INFO][make_recon_img_figs.py:94]:	Beginning...Plotting of All Reconstruted Images...
[2022-01-31 12:24:37,943][INFO][__init__.py:126]:	UM-BMS Logger initialized in host [Rachels-MacBook-Air-75.local].
[2022-01-31 12:24:37,943][INFO][make_recon_img_figs.py:97]:	Beginning...Plotting of All Reconstruted Images...
[2022-01-31 12:27:36,114][INFO][__init__.py:126]:	UM-BMS Logger initialized in host [Rachels-MacBook-Air-75.local].
[2022-01-31 12:27:36,114][INFO][make_recon_img_figs.py:95]:	Beginning...Plotting of All Reconstruted Images...
[2022-01-31 12:27:53,533][INFO][__init__.py:126]:	UM-BMS Logger initialized in host [Rachels-MacBook-Air-75.local].
[2022-01-31 12:27:53,533][INFO][make_recon_img_figs.py:95]:	Beginning...Plotting of All Reconstruted Images...
[2022-01-31 22:05:38,013][INFO][__init__.py:126]:	UM-BMS Logger initialized in host [Rachels-MacBook-Air-75.local].
[2022-01-31 22:05:38,016][INFO][make_recon_img_figs.py:107]:	Beginning...Plotting of All Reconstruted Images...
[2022-01-31 22:05:38,058][INFO][make_recon_img_figs.py:61]:		Making figs for expt id:	442
[2022-01-31 22:05:39,115][INFO][make_recon_img_figs.py:61]:		Making figs for expt id:	693
[2022-01-31 22:05:39,878][INFO][make_recon_img_figs.py:61]:		Making figs for expt id:	530
[2022-01-31 22:05:40,801][INFO][make_recon_img_figs.py:61]:		Making figs for expt id:	970
[2022-01-31 22:05:41,546][INFO][make_recon_img_figs.py:61]:		Making figs for expt id:	971
[2022-01-31 22:05:42,471][INFO][make_recon_img_figs.py:61]:		Making figs for expt id:	972
[2022-01-31 22:05:43,451][INFO][make_recon_img_figs.py:61]:		Making figs for expt id:	533
[2022-01-31 22:05:44,234][INFO][make_recon_img_figs.py:61]:		Making figs for expt id:	536
[2022-01-31 22:05:45,071][INFO][make_recon_img_figs.py:61]:		Making figs for expt id:	275
[2022-01-31 22:05:45,812][INFO][make_recon_img_figs.py:61]:		Making figs for expt id:	544
[2022-01-31 22:05:46,629][INFO][make_recon_img_figs.py:61]:		Making figs for expt id:	237
[2022-01-31 22:05:47,422][INFO][make_recon_img_figs.py:61]:		Making figs for expt id:	492
[2022-01-31 22:05:48,246][INFO][make_recon_img_figs.py:61]:		Making figs for expt id:	744
[2022-01-31 22:05:49,004][INFO][make_recon_img_figs.py:61]:		Making figs for expt id:	332
[2022-01-31 22:05:49,801][INFO][make_recon_img_figs.py:61]:		Making figs for expt id:	1005
[2022-01-31 22:05:50,549][INFO][make_recon_img_figs.py:61]:		Making figs for expt id:	337
[2022-01-31 22:05:51,316][INFO][make_recon_img_figs.py:61]:		Making figs for expt id:	349
[2022-01-31 22:05:52,112][INFO][make_recon_img_figs.py:61]:		Making figs for expt id:	353
[2022-01-31 22:05:52,959][INFO][make_recon_img_figs.py:61]:		Making figs for expt id:	887
[2022-02-03 16:48:49,026][INFO][__init__.py:126]:	UM-BMS Logger initialized in host [Rachels-MacBook-Air-75.local].
[2022-02-03 16:48:49,028][INFO][make_recon_img_figs.py:107]:	Beginning...Plotting of All Reconstruted Images...
[2022-02-03 16:48:49,124][INFO][make_recon_img_figs.py:61]:		Making figs for expt id:	165
[2022-02-03 16:48:50,396][INFO][make_recon_img_figs.py:61]:		Making figs for expt id:	0
[2022-02-03 16:48:51,266][INFO][make_recon_img_figs.py:61]:		Making figs for expt id:	3
[2022-02-03 16:48:52,040][INFO][make_recon_img_figs.py:61]:		Making figs for expt id:	5
[2022-02-03 16:48:52,788][INFO][make_recon_img_figs.py:61]:		Making figs for expt id:	6
[2022-02-03 16:48:53,577][INFO][make_recon_img_figs.py:61]:		Making figs for expt id:	39
[2022-02-03 16:48:54,334][INFO][make_recon_img_figs.py:61]:		Making figs for expt id:	40
[2022-02-03 16:48:55,069][INFO][make_recon_img_figs.py:61]:		Making figs for expt id:	421
[2022-02-03 16:48:55,756][INFO][make_recon_img_figs.py:61]:		Making figs for expt id:	422
[2022-02-03 16:48:56,461][INFO][make_recon_img_figs.py:61]:		Making figs for expt id:	423
[2022-02-03 16:48:57,186][INFO][make_recon_img_figs.py:61]:		Making figs for expt id:	424
[2022-02-03 16:48:57,905][INFO][make_recon_img_figs.py:61]:		Making figs for expt id:	36
[2022-02-03 16:48:58,610][INFO][make_recon_img_figs.py:61]:		Making figs for expt id:	37
[2022-02-03 16:48:59,300][INFO][make_recon_img_figs.py:61]:		Making figs for expt id:	38
[2022-02-03 16:49:00,057][INFO][make_recon_img_figs.py:61]:		Making figs for expt id:	135
[2022-02-03 16:49:00,761][INFO][make_recon_img_figs.py:61]:		Making figs for expt id:	69
[2022-02-03 16:49:01,478][INFO][make_recon_img_figs.py:61]:		Making figs for expt id:	435
[2022-02-03 16:49:02,524][INFO][make_recon_img_figs.py:61]:		Making figs for expt id:	227
[2022-02-03 16:49:03,596][INFO][make_recon_img_figs.py:61]:		Making figs for expt id:	238
[2022-02-03 16:49:04,457][INFO][make_recon_img_figs.py:61]:		Making figs for expt id:	319
[2022-02-03 16:49:05,404][INFO][make_recon_img_figs.py:61]:		Making figs for expt id:	431
[2022-02-03 16:49:06,233][INFO][make_recon_img_figs.py:61]:		Making figs for expt id:	198
[2022-02-03 16:49:06,971][INFO][make_recon_img_figs.py:61]:		Making figs for expt id:	475
[2022-02-03 16:49:07,695][INFO][make_recon_img_figs.py:61]:		Making figs for expt id:	476
[2022-02-03 16:49:08,404][INFO][make_recon_img_figs.py:61]:		Making figs for expt id:	477
[2022-02-03 16:49:09,174][INFO][make_recon_img_figs.py:61]:		Making figs for expt id:	41
[2022-02-03 16:49:09,963][INFO][make_recon_img_figs.py:61]:		Making figs for expt id:	49
[2022-02-03 16:49:10,767][INFO][make_recon_img_figs.py:61]:		Making figs for expt id:	249
[2022-02-03 16:49:11,495][INFO][make_recon_img_figs.py:61]:		Making figs for expt id:	392
[2022-02-06 20:23:09,026][INFO][__init__.py:126]:	UM-BMS Logger initialized in host [Rachels-MacBook-Air-75.local].
[2022-02-06 20:23:09,028][INFO][make_recon_img_figs.py:107]:	Beginning...Plotting of All Reconstructed Images...
[2022-02-06 20:23:09,087][INFO][make_recon_img_figs.py:61]:		Making figs for expt id:	165
[2022-02-06 20:23:24,492][INFO][__init__.py:126]:	UM-BMS Logger initialized in host [Rachels-MacBook-Air-75.local].
[2022-02-06 20:23:24,493][INFO][make_recon_img_figs.py:107]:	Beginning...Plotting of All Reconstructed Images...
[2022-02-06 20:23:24,550][INFO][make_recon_img_figs.py:61]:		Making figs for expt id:	165
[2022-02-06 20:23:25,708][INFO][make_recon_img_figs.py:61]:		Making figs for expt id:	0
[2022-02-06 20:23:26,512][INFO][make_recon_img_figs.py:61]:		Making figs for expt id:	3
[2022-02-06 20:23:27,457][INFO][make_recon_img_figs.py:61]:		Making figs for expt id:	5
[2022-02-06 20:23:28,486][INFO][make_recon_img_figs.py:61]:		Making figs for expt id:	6
[2022-02-06 20:23:29,309][INFO][make_recon_img_figs.py:61]:		Making figs for expt id:	39
[2022-02-06 20:23:30,052][INFO][make_recon_img_figs.py:61]:		Making figs for expt id:	40
[2022-02-06 20:23:30,828][INFO][make_recon_img_figs.py:61]:		Making figs for expt id:	421
[2022-02-06 20:23:31,558][INFO][make_recon_img_figs.py:61]:		Making figs for expt id:	422
[2022-02-06 20:23:32,265][INFO][make_recon_img_figs.py:61]:		Making figs for expt id:	423
[2022-02-06 20:23:32,993][INFO][make_recon_img_figs.py:61]:		Making figs for expt id:	424
[2022-02-06 20:23:33,708][INFO][make_recon_img_figs.py:61]:		Making figs for expt id:	36
[2022-02-06 20:23:34,453][INFO][make_recon_img_figs.py:61]:		Making figs for expt id:	37
[2022-02-06 20:23:35,217][INFO][make_recon_img_figs.py:61]:		Making figs for expt id:	38
[2022-02-06 20:23:35,966][INFO][make_recon_img_figs.py:61]:		Making figs for expt id:	135
[2022-02-06 20:23:36,673][INFO][make_recon_img_figs.py:61]:		Making figs for expt id:	69
[2022-02-06 20:23:37,428][INFO][make_recon_img_figs.py:61]:		Making figs for expt id:	435
[2022-02-06 20:23:38,151][INFO][make_recon_img_figs.py:61]:		Making figs for expt id:	227
[2022-02-06 20:23:38,901][INFO][make_recon_img_figs.py:61]:		Making figs for expt id:	238
[2022-02-06 20:23:39,612][INFO][make_recon_img_figs.py:61]:		Making figs for expt id:	319
[2022-02-06 20:23:40,329][INFO][make_recon_img_figs.py:61]:		Making figs for expt id:	431
[2022-02-06 20:23:41,113][INFO][make_recon_img_figs.py:61]:		Making figs for expt id:	198
[2022-02-06 20:23:41,817][INFO][make_recon_img_figs.py:61]:		Making figs for expt id:	475
[2022-02-06 20:23:42,539][INFO][make_recon_img_figs.py:61]:		Making figs for expt id:	476
[2022-02-06 20:23:43,286][INFO][make_recon_img_figs.py:61]:		Making figs for expt id:	477
[2022-02-06 20:23:44,064][INFO][make_recon_img_figs.py:61]:		Making figs for expt id:	41
[2022-02-06 20:23:44,808][INFO][make_recon_img_figs.py:61]:		Making figs for expt id:	49
[2022-02-06 20:23:45,535][INFO][make_recon_img_figs.py:61]:		Making figs for expt id:	249
[2022-02-06 20:23:46,248][INFO][make_recon_img_figs.py:61]:		Making figs for expt id:	392
[2022-02-06 20:42:43,917][INFO][__init__.py:126]:	UM-BMS Logger initialized in host [Rachels-MacBook-Air-75.local].
[2022-02-06 20:42:43,919][INFO][make_recon_img_figs.py:107]:	Beginning...Plotting of All Reconstructed Images...
[2022-02-06 20:42:43,929][INFO][make_recon_img_figs.py:61]:		Making figs for expt id:	40
[2022-02-06 20:43:14,065][INFO][__init__.py:126]:	UM-BMS Logger initialized in host [Rachels-MacBook-Air-75.local].
[2022-02-06 20:43:14,066][INFO][make_recon_img_figs.py:107]:	Beginning...Plotting of All Reconstructed Images...
[2022-02-06 20:43:14,073][INFO][make_recon_img_figs.py:61]:		Making figs for expt id:	40
[2022-02-06 20:48:36,196][INFO][__init__.py:126]:	UM-BMS Logger initialized in host [Rachels-MacBook-Air-75.local].
[2022-02-06 20:48:36,198][INFO][make_recon_img_figs.py:107]:	Beginning...Plotting of All Reconstructed Images...
[2022-02-06 20:48:36,206][INFO][make_recon_img_figs.py:61]:		Making figs for expt id:	40
[2022-02-06 20:53:25,838][INFO][__init__.py:126]:	UM-BMS Logger initialized in host [Rachels-MacBook-Air-75.local].
[2022-02-06 20:53:25,840][INFO][make_recon_img_figs.py:107]:	Beginning...Plotting of All Reconstructed Images...
[2022-02-06 20:53:25,849][INFO][make_recon_img_figs.py:61]:		Making figs for expt id:	40
[2022-02-06 20:56:11,420][INFO][__init__.py:126]:	UM-BMS Logger initialized in host [Rachels-MacBook-Air-75.local].
[2022-02-06 20:56:11,422][INFO][make_recon_img_figs.py:107]:	Beginning...Plotting of All Reconstructed Images...
[2022-02-06 20:56:11,430][INFO][make_recon_img_figs.py:61]:		Making figs for expt id:	40
[2022-02-06 20:58:45,797][INFO][__init__.py:126]:	UM-BMS Logger initialized in host [Rachels-MacBook-Air-75.local].
[2022-02-06 20:58:45,798][INFO][make_recon_img_figs.py:107]:	Beginning...Plotting of All Reconstructed Images...
[2022-02-06 20:58:45,809][INFO][make_recon_img_figs.py:61]:		Making figs for expt id:	40
[2022-02-07 19:41:11,895][INFO][__init__.py:126]:	UM-BMS Logger initialized in host [Rachels-MacBook-Air-75.local].
[2022-02-07 19:41:11,896][INFO][make_recon_img_figs.py:107]:	Beginning...Plotting of All Reconstructed Images...
[2022-02-07 19:41:11,951][INFO][make_recon_img_figs.py:61]:		Making figs for expt id:	36
[2022-02-07 19:41:12,889][INFO][make_recon_img_figs.py:61]:		Making figs for expt id:	37
[2022-02-07 19:41:13,574][INFO][make_recon_img_figs.py:61]:		Making figs for expt id:	136
[2022-02-07 19:41:14,503][INFO][make_recon_img_figs.py:61]:		Making figs for expt id:	137
[2022-02-07 19:41:15,396][INFO][make_recon_img_figs.py:61]:		Making figs for expt id:	138
[2022-02-07 19:41:16,364][INFO][make_recon_img_figs.py:61]:		Making figs for expt id:	139
[2022-02-07 19:41:17,093][INFO][make_recon_img_figs.py:61]:		Making figs for expt id:	140
[2022-02-07 19:41:17,904][INFO][make_recon_img_figs.py:61]:		Making figs for expt id:	141
[2022-02-07 19:41:18,981][INFO][make_recon_img_figs.py:61]:		Making figs for expt id:	142
[2022-02-07 19:41:19,786][INFO][make_recon_img_figs.py:61]:		Making figs for expt id:	143
[2022-02-07 19:41:20,542][INFO][make_recon_img_figs.py:61]:		Making figs for expt id:	144
[2022-02-07 19:41:21,243][INFO][make_recon_img_figs.py:61]:		Making figs for expt id:	145
[2022-02-07 19:41:21,964][INFO][make_recon_img_figs.py:61]:		Making figs for expt id:	38
[2022-02-07 19:41:22,659][INFO][make_recon_img_figs.py:61]:		Making figs for expt id:	135
[2022-02-07 19:41:23,630][INFO][make_recon_img_figs.py:61]:		Making figs for expt id:	199
[2022-02-07 19:41:24,360][INFO][make_recon_img_figs.py:61]:		Making figs for expt id:	200
[2022-02-07 19:41:25,265][INFO][make_recon_img_figs.py:61]:		Making figs for expt id:	201
[2022-02-07 19:41:26,092][INFO][make_recon_img_figs.py:61]:		Making figs for expt id:	202
[2022-02-07 19:41:26,926][INFO][make_recon_img_figs.py:61]:		Making figs for expt id:	203
[2022-02-07 19:41:27,701][INFO][make_recon_img_figs.py:61]:		Making figs for expt id:	204
[2022-02-07 19:41:28,379][INFO][make_recon_img_figs.py:61]:		Making figs for expt id:	205
[2022-02-07 19:41:29,060][INFO][make_recon_img_figs.py:61]:		Making figs for expt id:	206
[2022-02-07 19:41:29,717][INFO][make_recon_img_figs.py:61]:		Making figs for expt id:	198
[2022-02-07 19:41:30,378][INFO][make_recon_img_figs.py:61]:		Making figs for expt id:	250
[2022-02-07 19:41:31,051][INFO][make_recon_img_figs.py:61]:		Making figs for expt id:	251
[2022-02-07 19:41:31,772][INFO][make_recon_img_figs.py:61]:		Making figs for expt id:	252
[2022-02-07 19:41:32,641][INFO][make_recon_img_figs.py:61]:		Making figs for expt id:	253
[2022-02-07 19:41:33,513][INFO][make_recon_img_figs.py:61]:		Making figs for expt id:	254
[2022-02-07 19:41:34,297][INFO][make_recon_img_figs.py:61]:		Making figs for expt id:	255
[2022-02-07 19:41:35,268][INFO][make_recon_img_figs.py:61]:		Making figs for expt id:	256
[2022-02-07 19:41:35,992][INFO][make_recon_img_figs.py:61]:		Making figs for expt id:	257
[2022-02-07 19:41:36,665][INFO][make_recon_img_figs.py:61]:		Making figs for expt id:	249
[2022-02-07 23:11:39,420][INFO][__init__.py:126]:	UM-BMS Logger initialized in host [Rachels-MacBook-Air-75.local].
[2022-02-07 23:11:39,421][INFO][make_recon_img_figs.py:107]:	Beginning...Plotting of All Reconstructed Images...
[2022-02-07 23:11:39,442][INFO][make_recon_img_figs.py:61]:		Making figs for expt id:	492
[2022-02-07 23:11:40,454][INFO][make_recon_img_figs.py:61]:		Making figs for expt id:	493
[2022-02-07 23:11:41,120][INFO][make_recon_img_figs.py:61]:		Making figs for expt id:	494
[2022-02-07 23:11:41,798][INFO][make_recon_img_figs.py:61]:		Making figs for expt id:	495
[2022-02-07 23:11:42,475][INFO][make_recon_img_figs.py:61]:		Making figs for expt id:	496
[2022-02-07 23:11:43,157][INFO][make_recon_img_figs.py:61]:		Making figs for expt id:	497
[2022-02-07 23:11:43,823][INFO][make_recon_img_figs.py:61]:		Making figs for expt id:	498
[2022-02-07 23:11:44,550][INFO][make_recon_img_figs.py:61]:		Making figs for expt id:	499
[2022-02-07 23:11:45,295][INFO][make_recon_img_figs.py:61]:		Making figs for expt id:	500
[2022-02-13 19:08:40,159][INFO][__init__.py:126]:	UM-BMS Logger initialized in host [Rachels-MacBook-Air-75.local].
[2022-02-13 19:08:40,161][INFO][make_recon_img_figs.py:107]:	Beginning...Plotting of All Reconstructed Images...
[2022-02-13 19:08:40,270][INFO][make_recon_img_figs.py:61]:		Making figs for expt id:	165
[2022-02-13 19:08:41,362][INFO][make_recon_img_figs.py:61]:		Making figs for expt id:	0
[2022-02-13 19:08:42,167][INFO][make_recon_img_figs.py:61]:		Making figs for expt id:	3
[2022-02-13 19:08:42,956][INFO][make_recon_img_figs.py:61]:		Making figs for expt id:	5
[2022-02-13 19:08:43,640][INFO][make_recon_img_figs.py:61]:		Making figs for expt id:	6
[2022-02-13 19:08:44,318][INFO][make_recon_img_figs.py:61]:		Making figs for expt id:	39
[2022-02-13 19:08:45,011][INFO][make_recon_img_figs.py:61]:		Making figs for expt id:	40
[2022-02-13 19:08:45,700][INFO][make_recon_img_figs.py:61]:		Making figs for expt id:	421
[2022-02-13 19:08:46,368][INFO][make_recon_img_figs.py:61]:		Making figs for expt id:	422
[2022-02-13 19:08:47,058][INFO][make_recon_img_figs.py:61]:		Making figs for expt id:	423
[2022-02-13 19:08:47,730][INFO][make_recon_img_figs.py:61]:		Making figs for expt id:	424
[2022-02-13 19:08:48,403][INFO][make_recon_img_figs.py:61]:		Making figs for expt id:	36
[2022-02-13 19:08:49,105][INFO][make_recon_img_figs.py:61]:		Making figs for expt id:	37
[2022-02-13 19:08:49,799][INFO][make_recon_img_figs.py:61]:		Making figs for expt id:	38
[2022-02-13 19:08:50,528][INFO][make_recon_img_figs.py:61]:		Making figs for expt id:	135
[2022-02-13 19:08:51,217][INFO][make_recon_img_figs.py:61]:		Making figs for expt id:	69
[2022-02-13 19:08:51,912][INFO][make_recon_img_figs.py:61]:		Making figs for expt id:	435
[2022-02-13 19:08:52,606][INFO][make_recon_img_figs.py:61]:		Making figs for expt id:	227
[2022-02-13 19:08:53,305][INFO][make_recon_img_figs.py:61]:		Making figs for expt id:	238
[2022-02-13 19:08:53,986][INFO][make_recon_img_figs.py:61]:		Making figs for expt id:	319
[2022-02-13 19:08:54,678][INFO][make_recon_img_figs.py:61]:		Making figs for expt id:	431
[2022-02-13 19:08:55,371][INFO][make_recon_img_figs.py:61]:		Making figs for expt id:	198
[2022-02-13 19:08:56,058][INFO][make_recon_img_figs.py:61]:		Making figs for expt id:	475
[2022-02-13 19:08:56,750][INFO][make_recon_img_figs.py:61]:		Making figs for expt id:	476
[2022-02-13 19:08:57,436][INFO][make_recon_img_figs.py:61]:		Making figs for expt id:	477
[2022-02-13 19:08:58,182][INFO][make_recon_img_figs.py:61]:		Making figs for expt id:	41
[2022-02-13 19:08:58,884][INFO][make_recon_img_figs.py:61]:		Making figs for expt id:	49
[2022-02-13 19:08:59,583][INFO][make_recon_img_figs.py:61]:		Making figs for expt id:	249
[2022-02-13 19:09:00,288][INFO][make_recon_img_figs.py:61]:		Making figs for expt id:	392
[2022-02-13 20:43:29,195][INFO][__init__.py:126]:	UM-BMS Logger initialized in host [Rachels-MacBook-Air-75.local].
[2022-02-13 20:43:29,198][INFO][make_recon_img_figs.py:107]:	Beginning...Plotting of All Reconstructed Images...
[2022-02-13 20:43:29,214][INFO][make_recon_img_figs.py:61]:		Making figs for expt id:	82
[2022-02-13 20:43:30,186][INFO][make_recon_img_figs.py:61]:		Making figs for expt id:	153
[2022-02-13 20:43:30,939][INFO][make_recon_img_figs.py:61]:		Making figs for expt id:	158
[2022-02-13 20:43:31,662][INFO][make_recon_img_figs.py:61]:		Making figs for expt id:	489
[2022-02-13 20:43:32,368][INFO][make_recon_img_figs.py:61]:		Making figs for expt id:	512
[2022-02-13 20:43:33,157][INFO][make_recon_img_figs.py:61]:		Making figs for expt id:	326
