[2021-11-25 12:35:07,046][INFO][__init__.py:126]:	UM-BMS Logger initialized in host [Rachels-MacBook-Air-75.local].
[2021-11-25 12:35:07,046][INFO][make_recon_imgs.py:110]:	Beginning...Reconstructing all images...
[2021-11-25 12:35:07,070][INFO][make_recon_imgs.py:58]:		Reconstructing expt id:	c2sf3cm
[2021-11-25 12:35:07,115][INFO][make_recon_imgs.py:68]:			Beginning DAS reconstruction...
[2021-11-25 12:35:32,967][INFO][make_recon_imgs.py:74]:			Beginning DMAS reconstruction...
[2021-11-25 12:36:01,059][INFO][make_recon_imgs.py:81]:			Beginning itDAS reconstruction...
[2021-11-25 12:42:09,408][INFO][__init__.py:126]:	UM-BMS Logger initialized in host [Rachels-MacBook-Air-75.local].
[2021-11-25 12:42:09,408][INFO][make_recon_imgs.py:110]:	Beginning...Reconstructing all images...
[2021-11-25 12:42:09,433][INFO][make_recon_imgs.py:58]:		Reconstructing expt id:	c2sf3cm
[2021-11-25 12:42:09,465][INFO][make_recon_imgs.py:68]:			Beginning DAS reconstruction...
[2021-11-25 12:42:32,220][INFO][make_recon_imgs.py:58]:		Reconstructing expt id:	c2sf2cm
[2021-11-25 12:42:32,246][INFO][make_recon_imgs.py:68]:			Beginning DAS reconstruction...
[2021-11-25 12:43:04,328][INFO][make_recon_imgs.py:58]:		Reconstructing expt id:	c3sf3cm
[2021-11-25 12:43:04,355][INFO][make_recon_imgs.py:68]:			Beginning DAS reconstruction...
[2021-11-25 12:43:32,890][INFO][make_recon_imgs.py:58]:		Reconstructing expt id:	c3sf2cm
[2021-11-25 12:43:32,927][INFO][make_recon_imgs.py:68]:			Beginning DAS reconstruction...
[2021-11-25 12:44:00,051][INFO][make_recon_imgs.py:58]:		Reconstructing expt id:	c4sf3cm
[2021-11-25 12:44:00,073][INFO][make_recon_imgs.py:68]:			Beginning DAS reconstruction...
[2021-11-25 12:44:27,434][INFO][make_recon_imgs.py:58]:		Reconstructing expt id:	c4sf2cm
[2021-11-25 12:44:27,466][INFO][make_recon_imgs.py:68]:			Beginning DAS reconstruction...
[2021-11-25 12:45:00,849][INFO][make_recon_imgs.py:58]:		Reconstructing expt id:	c1mf3cm
[2021-11-25 12:45:00,889][INFO][make_recon_imgs.py:68]:			Beginning DAS reconstruction...
[2021-11-25 12:45:31,130][INFO][make_recon_imgs.py:58]:		Reconstructing expt id:	c1mf2cm
[2021-11-25 12:45:31,159][INFO][make_recon_imgs.py:68]:			Beginning DAS reconstruction...
[2021-11-25 12:45:55,782][INFO][make_recon_imgs.py:58]:		Reconstructing expt id:	c2mf3cm
[2021-11-25 12:45:55,810][INFO][make_recon_imgs.py:68]:			Beginning DAS reconstruction...
[2021-11-25 12:46:19,318][INFO][make_recon_imgs.py:58]:		Reconstructing expt id:	c2mf2cm
[2021-11-25 12:46:19,346][INFO][make_recon_imgs.py:68]:			Beginning DAS reconstruction...
[2021-11-25 12:46:42,923][INFO][make_recon_imgs.py:58]:		Reconstructing expt id:	c3mf3cm
[2021-11-25 12:46:42,950][INFO][make_recon_imgs.py:68]:			Beginning DAS reconstruction...
[2021-11-25 12:47:06,452][INFO][make_recon_imgs.py:58]:		Reconstructing expt id:	c3mf2cm
[2021-11-25 12:47:06,482][INFO][make_recon_imgs.py:68]:			Beginning DAS reconstruction...
[2021-11-25 12:47:29,896][INFO][make_recon_imgs.py:58]:		Reconstructing expt id:	c4mf3cm
[2021-11-25 12:47:29,921][INFO][make_recon_imgs.py:68]:			Beginning DAS reconstruction...
[2021-11-25 12:47:53,178][INFO][make_recon_imgs.py:58]:		Reconstructing expt id:	c4mf2cm
[2021-11-25 12:47:53,205][INFO][make_recon_imgs.py:68]:			Beginning DAS reconstruction...
[2021-11-25 12:48:16,545][INFO][make_recon_imgs.py:58]:		Reconstructing expt id:	c1lf3cm
[2021-11-25 12:48:16,572][INFO][make_recon_imgs.py:68]:			Beginning DAS reconstruction...
[2021-11-25 12:48:40,018][INFO][make_recon_imgs.py:58]:		Reconstructing expt id:	c1lf2cm
[2021-11-25 12:48:40,047][INFO][make_recon_imgs.py:68]:			Beginning DAS reconstruction...
[2021-11-25 12:49:06,630][INFO][make_recon_imgs.py:58]:		Reconstructing expt id:	c2lf3cm
[2021-11-25 12:49:06,661][INFO][make_recon_imgs.py:68]:			Beginning DAS reconstruction...
[2021-11-25 12:49:33,312][INFO][make_recon_imgs.py:58]:		Reconstructing expt id:	c2lf2cm
[2021-11-25 12:49:33,336][INFO][make_recon_imgs.py:68]:			Beginning DAS reconstruction...
[2021-11-25 17:01:03,907][INFO][__init__.py:126]:	UM-BMS Logger initialized in host [Rachels-MacBook-Air-75.local].
[2021-11-25 17:01:03,911][INFO][make_recon_imgs.py:110]:	Beginning...Reconstructing all images...
[2021-11-25 17:01:03,934][INFO][make_recon_imgs.py:58]:		Reconstructing expt id:	c2sf3cm
[2021-11-25 17:01:03,976][INFO][make_recon_imgs.py:68]:			Beginning DAS reconstruction...
[2021-11-25 17:08:04,288][INFO][__init__.py:126]:	UM-BMS Logger initialized in host [Rachels-MacBook-Air-75.local].
[2021-11-25 17:08:04,288][INFO][make_recon_imgs.py:110]:	Beginning...Reconstructing all images...
[2021-11-25 17:08:04,295][INFO][make_recon_imgs.py:58]:		Reconstructing expt id:	0
[2021-11-25 17:08:49,941][INFO][__init__.py:126]:	UM-BMS Logger initialized in host [Rachels-MacBook-Air-75.local].
[2021-11-25 17:08:49,942][INFO][make_recon_imgs.py:112]:	Beginning...Reconstructing all images...
[2021-11-25 17:08:49,949][INFO][make_recon_imgs.py:60]:		Reconstructing expt id:	c2sf3cm
[2021-11-25 17:08:49,998][INFO][make_recon_imgs.py:70]:			Beginning DAS reconstruction...
[2021-11-25 17:09:23,663][INFO][make_recon_imgs.py:60]:		Reconstructing expt id:	c2sf2cm
[2021-11-25 17:09:23,692][INFO][make_recon_imgs.py:70]:			Beginning DAS reconstruction...
[2021-11-25 17:10:00,865][INFO][make_recon_imgs.py:60]:		Reconstructing expt id:	c3sf3cm
[2021-11-25 17:10:00,889][INFO][make_recon_imgs.py:70]:			Beginning DAS reconstruction...
[2021-11-25 17:10:33,783][INFO][make_recon_imgs.py:60]:		Reconstructing expt id:	c3sf2cm
[2021-11-25 17:10:33,809][INFO][make_recon_imgs.py:70]:			Beginning DAS reconstruction...
[2021-11-25 17:11:01,789][INFO][make_recon_imgs.py:60]:		Reconstructing expt id:	c4sf3cm
[2021-11-25 17:11:01,863][INFO][make_recon_imgs.py:70]:			Beginning DAS reconstruction...
[2021-11-25 17:11:26,085][INFO][make_recon_imgs.py:60]:		Reconstructing expt id:	c4sf2cm
[2021-11-25 17:11:26,110][INFO][make_recon_imgs.py:70]:			Beginning DAS reconstruction...
[2021-11-25 17:11:54,178][INFO][make_recon_imgs.py:60]:		Reconstructing expt id:	c1mf3cm
[2021-11-25 17:11:54,205][INFO][make_recon_imgs.py:70]:			Beginning DAS reconstruction...
[2021-11-25 17:12:21,286][INFO][make_recon_imgs.py:60]:		Reconstructing expt id:	c1mf2cm
[2021-11-25 17:12:21,310][INFO][make_recon_imgs.py:70]:			Beginning DAS reconstruction...
[2021-11-25 17:12:47,900][INFO][make_recon_imgs.py:60]:		Reconstructing expt id:	c2mf3cm
[2021-11-25 17:12:47,923][INFO][make_recon_imgs.py:70]:			Beginning DAS reconstruction...
[2021-11-25 17:13:12,045][INFO][make_recon_imgs.py:60]:		Reconstructing expt id:	c2mf2cm
[2021-11-25 17:13:12,067][INFO][make_recon_imgs.py:70]:			Beginning DAS reconstruction...
[2021-11-25 17:13:37,857][INFO][make_recon_imgs.py:60]:		Reconstructing expt id:	c3mf3cm
[2021-11-25 17:13:37,887][INFO][make_recon_imgs.py:70]:			Beginning DAS reconstruction...
[2021-11-25 17:14:04,432][INFO][make_recon_imgs.py:60]:		Reconstructing expt id:	c3mf2cm
[2021-11-25 17:14:04,454][INFO][make_recon_imgs.py:70]:			Beginning DAS reconstruction...
[2021-11-25 17:14:28,001][INFO][make_recon_imgs.py:60]:		Reconstructing expt id:	c4mf3cm
[2021-11-25 17:14:28,023][INFO][make_recon_imgs.py:70]:			Beginning DAS reconstruction...
[2021-11-25 17:14:52,718][INFO][make_recon_imgs.py:60]:		Reconstructing expt id:	c4mf2cm
[2021-11-25 17:14:52,742][INFO][make_recon_imgs.py:70]:			Beginning DAS reconstruction...
[2021-11-25 17:15:16,405][INFO][make_recon_imgs.py:60]:		Reconstructing expt id:	c1lf3cm
[2021-11-25 17:15:16,427][INFO][make_recon_imgs.py:70]:			Beginning DAS reconstruction...
[2021-11-25 17:15:40,868][INFO][make_recon_imgs.py:60]:		Reconstructing expt id:	c1lf2cm
[2021-11-25 17:15:40,890][INFO][make_recon_imgs.py:70]:			Beginning DAS reconstruction...
[2021-11-25 17:16:05,943][INFO][make_recon_imgs.py:60]:		Reconstructing expt id:	c2lf3cm
[2021-11-25 17:16:05,975][INFO][make_recon_imgs.py:70]:			Beginning DAS reconstruction...
[2021-11-25 17:16:34,427][INFO][make_recon_imgs.py:60]:		Reconstructing expt id:	c2lf2cm
[2021-11-25 17:16:34,449][INFO][make_recon_imgs.py:70]:			Beginning DAS reconstruction...
[2021-11-26 09:24:53,219][INFO][__init__.py:126]:	UM-BMS Logger initialized in host [Rachels-MacBook-Air-75.local].
[2021-11-26 09:24:53,222][INFO][make_recon_imgs.py:90]:	Beginning...Reconstructing all images...
[2021-11-26 09:24:53,245][INFO][make_recon_imgs.py:61]:		Reconstructing expt id:	c2sf3cm
[2021-11-26 09:24:53,303][INFO][make_recon_imgs.py:71]:			Beginning DAS reconstruction...
[2021-11-27 17:51:06,464][INFO][__init__.py:126]:	UM-BMS Logger initialized in host [Rachels-MacBook-Air-75.local].
[2021-11-27 17:51:06,466][INFO][make_recon_imgs.py:90]:	Beginning...Reconstructing all images...
[2021-11-27 17:51:06,469][INFO][make_recon_imgs.py:61]:		Reconstructing expt id:	c2sf3cm
[2021-11-27 17:51:06,527][INFO][make_recon_imgs.py:71]:			Beginning DAS reconstruction...
[2021-11-27 17:52:37,862][INFO][__init__.py:126]:	UM-BMS Logger initialized in host [Rachels-MacBook-Air-75.local].
[2021-11-27 17:52:37,863][INFO][make_recon_imgs.py:90]:	Beginning...Reconstructing all images...
[2021-11-27 17:52:37,868][INFO][make_recon_imgs.py:61]:		Reconstructing expt id:	0
[2021-11-27 17:53:26,206][INFO][__init__.py:126]:	UM-BMS Logger initialized in host [Rachels-MacBook-Air-75.local].
[2021-11-27 17:53:26,208][INFO][make_recon_imgs.py:90]:	Beginning...Reconstructing all images...
[2021-11-27 17:53:26,210][INFO][make_recon_imgs.py:61]:		Reconstructing expt id:	c2sf3cm
[2021-11-27 17:53:26,277][INFO][make_recon_imgs.py:71]:			Beginning DAS reconstruction...
[2021-11-27 17:58:25,590][INFO][__init__.py:126]:	UM-BMS Logger initialized in host [Rachels-MacBook-Air-75.local].
[2021-11-27 17:58:25,591][INFO][make_recon_imgs.py:90]:	Beginning...Reconstructing all images...
[2021-11-27 17:58:25,597][INFO][make_recon_imgs.py:61]:		Reconstructing expt id:	c2sf3cm
[2021-11-27 17:58:25,644][INFO][make_recon_imgs.py:71]:			Beginning DAS reconstruction...
[2021-11-27 17:59:01,954][INFO][__init__.py:126]:	UM-BMS Logger initialized in host [Rachels-MacBook-Air-75.local].
[2021-11-27 17:59:01,954][INFO][make_recon_imgs.py:90]:	Beginning...Reconstructing all images...
[2021-11-27 17:59:01,956][INFO][make_recon_imgs.py:61]:		Reconstructing expt id:	c2sf3cm
[2021-11-27 17:59:01,999][INFO][make_recon_imgs.py:71]:			Beginning DAS reconstruction...
[2021-11-27 18:17:05,299][INFO][__init__.py:126]:	UM-BMS Logger initialized in host [Rachels-MacBook-Air-75.local].
[2021-11-27 18:17:05,300][INFO][make_recon_imgs.py:90]:	Beginning...Reconstructing all images...
[2021-11-27 18:17:05,323][INFO][make_recon_imgs.py:61]:		Reconstructing expt id:	c2sf3cm
[2021-11-27 18:17:05,372][INFO][make_recon_imgs.py:71]:			Beginning DAS reconstruction...
[2021-11-27 19:07:00,222][INFO][__init__.py:126]:	UM-BMS Logger initialized in host [Rachels-MacBook-Air-75.local].
[2021-11-27 19:07:00,223][INFO][make_recon_imgs.py:90]:	Beginning...Reconstructing all images...
[2021-11-27 19:07:00,226][INFO][make_recon_imgs.py:61]:		Reconstructing expt id:	c2sf3cm
[2021-11-27 19:07:00,270][INFO][make_recon_imgs.py:71]:			Beginning DAS reconstruction...
[2021-11-27 19:07:09,134][INFO][__init__.py:126]:	UM-BMS Logger initialized in host [Rachels-MacBook-Air-75.local].
[2021-11-27 19:07:09,135][INFO][make_recon_imgs.py:90]:	Beginning...Reconstructing all images...
[2021-11-27 19:07:09,137][INFO][make_recon_imgs.py:61]:		Reconstructing expt id:	c2sf3cm
[2021-11-27 19:07:09,200][INFO][make_recon_imgs.py:71]:			Beginning DAS reconstruction...
[2021-11-27 19:09:48,840][INFO][__init__.py:126]:	UM-BMS Logger initialized in host [Rachels-MacBook-Air-75.local].
[2021-11-27 19:09:48,842][INFO][make_recon_imgs.py:90]:	Beginning...Reconstructing all images...
[2021-11-27 19:09:48,843][INFO][make_recon_imgs.py:61]:		Reconstructing expt id:	c2sf3cm
[2021-11-27 19:09:48,896][INFO][make_recon_imgs.py:71]:			Beginning DAS reconstruction...
[2021-11-28 21:36:18,481][INFO][__init__.py:126]:	UM-BMS Logger initialized in host [Rachels-MacBook-Air-75.local].
[2021-11-28 21:36:18,482][INFO][make_recon_imgs.py:90]:	Beginning...Reconstructing all images...
[2021-11-28 21:36:18,488][INFO][make_recon_imgs.py:61]:		Reconstructing expt id:	c2sf3cm
[2021-11-28 21:36:18,546][INFO][make_recon_imgs.py:71]:			Beginning DAS reconstruction...
[2021-11-28 21:44:51,110][INFO][__init__.py:126]:	UM-BMS Logger initialized in host [Rachels-MacBook-Air-75.local].
[2021-11-28 21:44:51,111][INFO][make_recon_imgs.py:95]:	Beginning...Reconstructing all images...
[2021-11-28 21:44:51,119][INFO][make_recon_imgs.py:61]:		Reconstructing expt id:	c2sf3cm
[2021-11-28 21:44:51,160][INFO][make_recon_imgs.py:76]:			Beginning DAS reconstruction...
[2021-11-28 21:46:31,478][INFO][__init__.py:126]:	UM-BMS Logger initialized in host [Rachels-MacBook-Air-75.local].
[2021-11-28 21:46:31,478][INFO][make_recon_imgs.py:95]:	Beginning...Reconstructing all images...
[2021-11-28 21:46:31,480][INFO][make_recon_imgs.py:61]:		Reconstructing expt id:	c2sf3cm
[2021-11-28 21:46:31,532][INFO][make_recon_imgs.py:76]:			Beginning DAS reconstruction...
[2021-11-28 21:48:00,388][INFO][__init__.py:126]:	UM-BMS Logger initialized in host [Rachels-MacBook-Air-75.local].
[2021-11-28 21:48:00,389][INFO][make_recon_imgs.py:96]:	Beginning...Reconstructing all images...
[2021-11-28 21:48:00,391][INFO][make_recon_imgs.py:61]:		Reconstructing expt id:	c2sf3cm
[2021-11-28 21:48:00,446][INFO][make_recon_imgs.py:77]:			Beginning DAS reconstruction...
[2021-11-28 21:49:06,780][INFO][__init__.py:126]:	UM-BMS Logger initialized in host [Rachels-MacBook-Air-75.local].
[2021-11-28 21:49:06,780][INFO][make_recon_imgs.py:96]:	Beginning...Reconstructing all images...
[2021-11-28 21:49:06,781][INFO][make_recon_imgs.py:61]:		Reconstructing expt id:	c2sf3cm
[2021-11-28 21:49:06,821][INFO][make_recon_imgs.py:77]:			Beginning DAS reconstruction...
[2021-11-28 21:50:14,784][INFO][__init__.py:126]:	UM-BMS Logger initialized in host [Rachels-MacBook-Air-75.local].
[2021-11-28 21:50:14,784][INFO][make_recon_imgs.py:96]:	Beginning...Reconstructing all images...
[2021-11-28 21:50:14,786][INFO][make_recon_imgs.py:61]:		Reconstructing expt id:	c2sf3cm
[2021-11-28 21:50:14,831][INFO][make_recon_imgs.py:77]:			Beginning DAS reconstruction...
[2021-11-28 21:51:22,196][INFO][__init__.py:126]:	UM-BMS Logger initialized in host [Rachels-MacBook-Air-75.local].
[2021-11-28 21:51:22,196][INFO][make_recon_imgs.py:96]:	Beginning...Reconstructing all images...
[2021-11-28 21:51:22,198][INFO][make_recon_imgs.py:61]:		Reconstructing expt id:	c2sf3cm
[2021-11-28 21:51:22,245][INFO][make_recon_imgs.py:77]:			Beginning DAS reconstruction...
[2021-11-28 22:03:05,917][INFO][__init__.py:126]:	UM-BMS Logger initialized in host [Rachels-MacBook-Air-75.local].
[2021-11-28 22:03:05,919][INFO][make_recon_imgs.py:96]:	Beginning...Reconstructing all images...
[2021-11-28 22:03:05,922][INFO][make_recon_imgs.py:61]:		Reconstructing expt id:	c2sf3cm
[2021-11-28 22:03:05,975][INFO][make_recon_imgs.py:77]:			Beginning DAS reconstruction...
[2021-11-28 22:04:36,049][INFO][__init__.py:126]:	UM-BMS Logger initialized in host [Rachels-MacBook-Air-75.local].
[2021-11-28 22:04:36,049][INFO][make_recon_imgs.py:96]:	Beginning...Reconstructing all images...
[2021-11-28 22:04:36,050][INFO][make_recon_imgs.py:61]:		Reconstructing expt id:	c2sf3cm
[2021-11-28 22:04:36,095][INFO][make_recon_imgs.py:77]:			Beginning DAS reconstruction...
[2021-11-28 22:05:48,282][INFO][__init__.py:126]:	UM-BMS Logger initialized in host [Rachels-MacBook-Air-75.local].
[2021-11-28 22:05:48,283][INFO][make_recon_imgs.py:96]:	Beginning...Reconstructing all images...
[2021-11-28 22:05:48,284][INFO][make_recon_imgs.py:61]:		Reconstructing expt id:	c2sf3cm
[2021-11-28 22:05:48,329][INFO][make_recon_imgs.py:77]:			Beginning DAS reconstruction...
[2021-12-01 12:26:57,636][INFO][__init__.py:126]:	UM-BMS Logger initialized in host [Rachels-MacBook-Air-75.local].
[2021-12-01 12:26:57,638][INFO][make_recon_imgs.py:96]:	Beginning...Reconstructing all images...
[2021-12-01 12:26:57,644][INFO][make_recon_imgs.py:61]:		Reconstructing expt id:	c2sf3cm
[2021-12-01 12:26:57,681][INFO][make_recon_imgs.py:77]:			Beginning DAS reconstruction...
[2021-12-01 12:32:06,013][INFO][__init__.py:126]:	UM-BMS Logger initialized in host [Rachels-MacBook-Air-75.local].
[2021-12-01 12:32:06,013][INFO][make_recon_imgs.py:96]:	Beginning...Reconstructing all images...
[2021-12-01 12:32:06,017][INFO][make_recon_imgs.py:61]:		Reconstructing expt id:	c2sf3cm
[2021-12-01 12:32:06,069][INFO][make_recon_imgs.py:77]:			Beginning DAS reconstruction...
[2021-12-01 12:33:27,565][INFO][__init__.py:126]:	UM-BMS Logger initialized in host [Rachels-MacBook-Air-75.local].
[2021-12-01 12:33:27,565][INFO][make_recon_imgs.py:96]:	Beginning...Reconstructing all images...
[2021-12-01 12:33:27,566][INFO][make_recon_imgs.py:61]:		Reconstructing expt id:	c2sf3cm
[2021-12-01 12:33:27,614][INFO][make_recon_imgs.py:77]:			Beginning DAS reconstruction...
[2021-12-01 12:38:10,419][INFO][__init__.py:126]:	UM-BMS Logger initialized in host [Rachels-MacBook-Air-75.local].
[2021-12-01 12:38:10,419][INFO][make_recon_imgs.py:96]:	Beginning...Reconstructing all images...
[2021-12-01 12:38:10,421][INFO][make_recon_imgs.py:61]:		Reconstructing expt id:	c2sf3cm
[2021-12-01 12:38:10,457][INFO][make_recon_imgs.py:77]:			Beginning DAS reconstruction...
[2021-12-01 12:41:51,711][INFO][__init__.py:126]:	UM-BMS Logger initialized in host [Rachels-MacBook-Air-75.local].
[2021-12-01 12:41:51,712][INFO][make_recon_imgs.py:96]:	Beginning...Reconstructing all images...
[2021-12-01 12:41:51,713][INFO][make_recon_imgs.py:61]:		Reconstructing expt id:	c2sf3cm
[2021-12-01 12:41:51,746][INFO][make_recon_imgs.py:77]:			Beginning DAS reconstruction...
[2021-12-01 12:59:19,373][INFO][__init__.py:126]:	UM-BMS Logger initialized in host [Rachels-MacBook-Air-75.local].
[2021-12-01 12:59:19,375][INFO][make_recon_imgs.py:96]:	Beginning...Reconstructing all images...
[2021-12-01 12:59:19,377][INFO][make_recon_imgs.py:61]:		Reconstructing expt id:	c2sf3cm
[2021-12-01 12:59:19,431][INFO][make_recon_imgs.py:77]:			Beginning DAS reconstruction...
[2021-12-01 13:01:23,657][INFO][__init__.py:126]:	UM-BMS Logger initialized in host [Rachels-MacBook-Air-75.local].
[2021-12-01 13:01:23,657][INFO][make_recon_imgs.py:96]:	Beginning...Reconstructing all images...
[2021-12-01 13:01:23,659][INFO][make_recon_imgs.py:61]:		Reconstructing expt id:	c2sf3cm
[2021-12-01 13:01:23,705][INFO][make_recon_imgs.py:77]:			Beginning DAS reconstruction...
[2021-12-02 23:09:42,546][INFO][__init__.py:126]:	UM-BMS Logger initialized in host [Rachels-MacBook-Air-75.local].
[2021-12-02 23:09:42,550][INFO][make_recon_imgs.py:97]:	Beginning...Reconstructing all images...
[2021-12-02 23:09:42,556][INFO][make_recon_imgs.py:61]:		Reconstructing expt id:	c2sf3cm
[2021-12-02 23:09:42,602][INFO][make_recon_imgs.py:78]:			Beginning DAS reconstruction...
[2021-12-02 23:10:09,095][INFO][__init__.py:126]:	UM-BMS Logger initialized in host [Rachels-MacBook-Air-75.local].
[2021-12-02 23:10:09,095][INFO][make_recon_imgs.py:97]:	Beginning...Reconstructing all images...
[2021-12-02 23:10:09,097][INFO][make_recon_imgs.py:61]:		Reconstructing expt id:	c2sf3cm
[2021-12-02 23:10:09,137][INFO][make_recon_imgs.py:78]:			Beginning DAS reconstruction...
[2021-12-02 23:13:43,697][INFO][__init__.py:126]:	UM-BMS Logger initialized in host [Rachels-MacBook-Air-75.local].
[2021-12-02 23:13:43,697][INFO][make_recon_imgs.py:97]:	Beginning...Reconstructing all images...
[2021-12-02 23:13:43,698][INFO][make_recon_imgs.py:61]:		Reconstructing expt id:	c2sf3cm
[2021-12-02 23:13:43,726][INFO][make_recon_imgs.py:78]:			Beginning DAS reconstruction...
[2022-01-10 19:36:16,197][INFO][__init__.py:126]:	UM-BMS Logger initialized in host [Rachels-MacBook-Air-75.local].
[2022-01-10 19:36:16,202][INFO][make_recon_imgs.py:97]:	Beginning...Reconstructing all images...
[2022-01-10 19:36:16,208][INFO][make_recon_imgs.py:61]:		Reconstructing expt id:	c2sf3cm
[2022-01-10 19:36:16,252][INFO][make_recon_imgs.py:78]:			Beginning DAS reconstruction...
[2022-01-10 19:41:01,900][INFO][__init__.py:126]:	UM-BMS Logger initialized in host [Rachels-MacBook-Air-75.local].
[2022-01-10 19:41:01,900][INFO][make_recon_imgs.py:97]:	Beginning...Reconstructing all images...
[2022-01-10 19:41:01,904][INFO][make_recon_imgs.py:61]:		Reconstructing expt id:	c2sf3cm
[2022-01-10 19:41:01,946][INFO][make_recon_imgs.py:78]:			Beginning DAS reconstruction...
[2022-01-10 19:42:36,643][INFO][__init__.py:126]:	UM-BMS Logger initialized in host [Rachels-MacBook-Air-75.local].
[2022-01-10 19:42:36,644][INFO][make_recon_imgs.py:97]:	Beginning...Reconstructing all images...
[2022-01-10 19:42:36,664][INFO][make_recon_imgs.py:61]:		Reconstructing expt id:	c2sf3cm
[2022-01-10 19:42:36,694][INFO][make_recon_imgs.py:78]:			Beginning DAS reconstruction...
[2022-01-10 19:42:41,406][INFO][__init__.py:126]:	UM-BMS Logger initialized in host [Rachels-MacBook-Air-75.local].
[2022-01-10 19:42:41,406][INFO][make_recon_imgs.py:97]:	Beginning...Reconstructing all images...
[2022-01-10 19:42:41,413][INFO][make_recon_imgs.py:61]:		Reconstructing expt id:	c2sf3cm
[2022-01-10 19:42:41,450][INFO][make_recon_imgs.py:78]:			Beginning DAS reconstruction...
[2022-01-10 19:43:47,003][INFO][__init__.py:126]:	UM-BMS Logger initialized in host [Rachels-MacBook-Air-75.local].
[2022-01-10 19:43:47,003][INFO][make_recon_imgs.py:97]:	Beginning...Reconstructing all images...
[2022-01-10 19:43:47,014][INFO][make_recon_imgs.py:61]:		Reconstructing expt id:	c2sf3cm
[2022-01-10 19:43:47,057][INFO][make_recon_imgs.py:78]:			Beginning DAS reconstruction...
[2022-01-10 19:50:39,050][INFO][__init__.py:126]:	UM-BMS Logger initialized in host [Rachels-MacBook-Air-75.local].
[2022-01-10 19:50:39,050][INFO][make_recon_imgs.py:98]:	Beginning...Reconstructing all images...
[2022-01-10 19:50:39,058][INFO][make_recon_imgs.py:61]:		Reconstructing expt id:	c2sf3cm
[2022-01-10 19:50:39,096][INFO][make_recon_imgs.py:79]:			Beginning DAS reconstruction...
[2022-01-10 19:52:38,714][INFO][__init__.py:126]:	UM-BMS Logger initialized in host [Rachels-MacBook-Air-75.local].
[2022-01-10 19:52:38,715][INFO][make_recon_imgs.py:98]:	Beginning...Reconstructing all images...
[2022-01-10 19:52:38,722][INFO][make_recon_imgs.py:61]:		Reconstructing expt id:	c2sf3cm
[2022-01-10 19:52:38,757][INFO][make_recon_imgs.py:79]:			Beginning DAS reconstruction...
[2022-01-10 19:58:37,942][INFO][__init__.py:126]:	UM-BMS Logger initialized in host [Rachels-MacBook-Air-75.local].
[2022-01-10 19:58:37,942][INFO][make_recon_imgs.py:98]:	Beginning...Reconstructing all images...
[2022-01-10 19:58:37,950][INFO][make_recon_imgs.py:61]:		Reconstructing expt id:	c2sf3cm
[2022-01-10 19:58:37,980][INFO][make_recon_imgs.py:79]:			Beginning DAS reconstruction...
[2022-01-10 20:27:53,386][INFO][__init__.py:126]:	UM-BMS Logger initialized in host [Rachels-MacBook-Air-75.local].
[2022-01-10 20:27:53,387][INFO][make_recon_imgs.py:100]:	Beginning...Reconstructing all images...
[2022-01-10 20:27:53,396][INFO][make_recon_imgs.py:61]:		Reconstructing expt id:	c2sf3cm
[2022-01-10 20:27:53,451][INFO][make_recon_imgs.py:80]:			Beginning DAS reconstruction...
[2022-01-10 20:31:38,366][INFO][__init__.py:126]:	UM-BMS Logger initialized in host [Rachels-MacBook-Air-75.local].
[2022-01-10 20:31:38,367][INFO][make_recon_imgs.py:100]:	Beginning...Reconstructing all images...
[2022-01-10 20:31:38,368][INFO][make_recon_imgs.py:61]:		Reconstructing expt id:	c2sf3cm
[2022-01-10 20:31:38,405][INFO][make_recon_imgs.py:80]:			Beginning DAS reconstruction...
[2022-01-10 20:35:36,742][INFO][__init__.py:126]:	UM-BMS Logger initialized in host [Rachels-MacBook-Air-75.local].
[2022-01-10 20:35:36,742][INFO][make_recon_imgs.py:100]:	Beginning...Reconstructing all images...
[2022-01-10 20:35:36,743][INFO][make_recon_imgs.py:61]:		Reconstructing expt id:	c2sf3cm
[2022-01-10 20:35:36,774][INFO][make_recon_imgs.py:80]:			Beginning DAS reconstruction...
[2022-01-10 20:39:16,746][INFO][__init__.py:126]:	UM-BMS Logger initialized in host [Rachels-MacBook-Air-75.local].
[2022-01-10 20:39:16,746][INFO][make_recon_imgs.py:100]:	Beginning...Reconstructing all images...
[2022-01-10 20:39:16,748][INFO][make_recon_imgs.py:61]:		Reconstructing expt id:	c2sf3cm
[2022-01-10 20:39:16,780][INFO][make_recon_imgs.py:80]:			Beginning DAS reconstruction...
[2022-01-10 20:51:11,722][INFO][__init__.py:126]:	UM-BMS Logger initialized in host [Rachels-MacBook-Air-75.local].
[2022-01-10 20:51:11,725][INFO][make_recon_imgs.py:100]:	Beginning...Reconstructing all images...
[2022-01-10 20:51:11,728][INFO][make_recon_imgs.py:61]:		Reconstructing expt id:	c2sf3cm
[2022-01-10 20:51:11,770][INFO][make_recon_imgs.py:80]:			Beginning DAS reconstruction...
[2022-01-10 20:53:45,202][INFO][__init__.py:126]:	UM-BMS Logger initialized in host [Rachels-MacBook-Air-75.local].
[2022-01-10 20:53:45,202][INFO][make_recon_imgs.py:100]:	Beginning...Reconstructing all images...
[2022-01-10 20:53:45,204][INFO][make_recon_imgs.py:61]:		Reconstructing expt id:	c2sf3cm
[2022-01-10 20:53:45,236][INFO][make_recon_imgs.py:80]:			Beginning DAS reconstruction...
[2022-01-11 17:08:40,054][INFO][__init__.py:126]:	UM-BMS Logger initialized in host [Rachels-MacBook-Air-75.local].
[2022-01-11 17:08:40,056][INFO][make_recon_imgs.py:100]:	Beginning...Reconstructing all images...
[2022-01-11 17:08:40,062][INFO][make_recon_imgs.py:61]:		Reconstructing expt id:	c2sf3cm
[2022-01-11 17:08:40,117][INFO][make_recon_imgs.py:80]:			Beginning DAS reconstruction...
[2022-01-11 17:12:21,348][INFO][__init__.py:126]:	UM-BMS Logger initialized in host [Rachels-MacBook-Air-75.local].
[2022-01-11 17:12:21,348][INFO][make_recon_imgs.py:100]:	Beginning...Reconstructing all images...
[2022-01-11 17:12:21,349][INFO][make_recon_imgs.py:61]:		Reconstructing expt id:	c2sf3cm
[2022-01-11 17:12:21,387][INFO][make_recon_imgs.py:80]:			Beginning DAS reconstruction...
[2022-01-11 17:17:44,854][INFO][__init__.py:126]:	UM-BMS Logger initialized in host [Rachels-MacBook-Air-75.local].
[2022-01-11 17:17:44,855][INFO][make_recon_imgs.py:100]:	Beginning...Reconstructing all images...
[2022-01-11 17:17:44,859][INFO][make_recon_imgs.py:61]:		Reconstructing expt id:	c2sf3cm
[2022-01-11 17:17:44,896][INFO][make_recon_imgs.py:80]:			Beginning DAS reconstruction...
[2022-01-11 17:19:55,029][INFO][__init__.py:126]:	UM-BMS Logger initialized in host [Rachels-MacBook-Air-75.local].
[2022-01-11 17:19:55,030][INFO][make_recon_imgs.py:100]:	Beginning...Reconstructing all images...
[2022-01-11 17:19:55,031][INFO][make_recon_imgs.py:61]:		Reconstructing expt id:	c2sf3cm
[2022-01-11 17:19:55,060][INFO][make_recon_imgs.py:80]:			Beginning DAS reconstruction...
[2022-01-11 17:20:37,077][INFO][__init__.py:126]:	UM-BMS Logger initialized in host [Rachels-MacBook-Air-75.local].
[2022-01-11 17:20:37,079][INFO][make_recon_imgs.py:100]:	Beginning...Reconstructing all images...
[2022-01-11 17:20:37,085][INFO][make_recon_imgs.py:61]:		Reconstructing expt id:	c2sf3cm
[2022-01-11 17:20:37,126][INFO][make_recon_imgs.py:80]:			Beginning DAS reconstruction...
[2022-01-11 17:59:01,187][INFO][__init__.py:126]:	UM-BMS Logger initialized in host [Rachels-MacBook-Air-75.local].
[2022-01-11 17:59:01,189][INFO][make_recon_imgs.py:100]:	Beginning...Reconstructing all images...
[2022-01-11 17:59:01,192][INFO][make_recon_imgs.py:61]:		Reconstructing expt id:	c2sf3cm
[2022-01-11 17:59:01,230][INFO][make_recon_imgs.py:80]:			Beginning DAS reconstruction...
[2022-01-11 18:13:59,853][INFO][__init__.py:126]:	UM-BMS Logger initialized in host [Rachels-MacBook-Air-75.local].
[2022-01-11 18:13:59,855][INFO][make_recon_imgs.py:100]:	Beginning...Reconstructing all images...
[2022-01-11 18:13:59,858][INFO][make_recon_imgs.py:61]:		Reconstructing expt id:	c2sf3cm
[2022-01-11 18:13:59,899][INFO][make_recon_imgs.py:80]:			Beginning DAS reconstruction...
[2022-01-11 18:30:33,845][INFO][__init__.py:126]:	UM-BMS Logger initialized in host [Rachels-MacBook-Air-75.local].
[2022-01-11 18:30:33,848][INFO][make_recon_imgs.py:105]:	Beginning...Reconstructing all images...
[2022-01-11 18:30:33,850][INFO][make_recon_imgs.py:61]:		Reconstructing expt id:	c2sf3cm
[2022-01-11 18:30:33,903][INFO][make_recon_imgs.py:85]:			Beginning DAS reconstruction...
[2022-01-24 17:06:26,476][INFO][__init__.py:126]:	UM-BMS Logger initialized in host [Rachels-MacBook-Air-75.local].
[2022-01-24 17:06:26,478][INFO][make_recon_imgs.py:105]:	Beginning...Reconstructing all images...
[2022-01-24 17:06:26,484][INFO][make_recon_imgs.py:61]:		Reconstructing expt id:	c2sf3cm
[2022-01-24 17:06:26,526][INFO][make_recon_imgs.py:85]:			Beginning DAS reconstruction...
[2022-01-24 17:17:58,757][INFO][__init__.py:126]:	UM-BMS Logger initialized in host [Rachels-MacBook-Air-75.local].
[2022-01-24 17:17:58,758][INFO][make_recon_imgs.py:105]:	Beginning...Reconstructing all images...
[2022-01-24 17:17:58,762][INFO][make_recon_imgs.py:61]:		Reconstructing expt id:	c2sf3cm
[2022-01-24 17:17:58,794][INFO][make_recon_imgs.py:85]:			Beginning DAS reconstruction...
[2022-01-24 17:18:42,780][INFO][__init__.py:126]:	UM-BMS Logger initialized in host [Rachels-MacBook-Air-75.local].
[2022-01-24 17:18:42,781][INFO][make_recon_imgs.py:105]:	Beginning...Reconstructing all images...
[2022-01-24 17:18:42,786][INFO][make_recon_imgs.py:61]:		Reconstructing expt id:	c2sf3cm
[2022-01-24 17:18:42,822][INFO][make_recon_imgs.py:85]:			Beginning DAS reconstruction...
[2022-01-24 17:19:14,033][INFO][__init__.py:126]:	UM-BMS Logger initialized in host [Rachels-MacBook-Air-75.local].
[2022-01-24 17:19:14,033][INFO][make_recon_imgs.py:105]:	Beginning...Reconstructing all images...
[2022-01-24 17:19:14,034][INFO][make_recon_imgs.py:61]:		Reconstructing expt id:	c2sf3cm
[2022-01-24 17:19:14,067][INFO][make_recon_imgs.py:85]:			Beginning DAS reconstruction...
[2022-01-24 17:19:56,925][INFO][__init__.py:126]:	UM-BMS Logger initialized in host [Rachels-MacBook-Air-75.local].
[2022-01-24 17:19:56,925][INFO][make_recon_imgs.py:105]:	Beginning...Reconstructing all images...
[2022-01-24 17:19:56,926][INFO][make_recon_imgs.py:61]:		Reconstructing expt id:	c2sf3cm
[2022-01-24 17:19:56,961][INFO][make_recon_imgs.py:85]:			Beginning DAS reconstruction...
[2022-01-24 17:20:38,085][INFO][__init__.py:126]:	UM-BMS Logger initialized in host [Rachels-MacBook-Air-75.local].
[2022-01-24 17:20:38,086][INFO][make_recon_imgs.py:105]:	Beginning...Reconstructing all images...
[2022-01-24 17:20:38,087][INFO][make_recon_imgs.py:61]:		Reconstructing expt id:	c2sf3cm
[2022-01-24 17:20:38,124][INFO][make_recon_imgs.py:85]:			Beginning DAS reconstruction...
[2022-01-24 17:21:24,686][INFO][__init__.py:126]:	UM-BMS Logger initialized in host [Rachels-MacBook-Air-75.local].
[2022-01-24 17:21:24,687][INFO][make_recon_imgs.py:105]:	Beginning...Reconstructing all images...
[2022-01-24 17:21:24,690][INFO][make_recon_imgs.py:61]:		Reconstructing expt id:	c2sf3cm
[2022-01-24 17:21:24,748][INFO][make_recon_imgs.py:85]:			Beginning DAS reconstruction...
[2022-01-24 17:23:56,364][INFO][__init__.py:126]:	UM-BMS Logger initialized in host [Rachels-MacBook-Air-75.local].
[2022-01-24 17:23:56,364][INFO][make_recon_imgs.py:105]:	Beginning...Reconstructing all images...
[2022-01-24 17:23:56,391][INFO][make_recon_imgs.py:61]:		Reconstructing expt id:	c2sf3cm
[2022-01-24 17:23:56,447][INFO][make_recon_imgs.py:85]:			Beginning DAS reconstruction...
[2022-01-24 17:40:55,860][INFO][__init__.py:126]:	UM-BMS Logger initialized in host [Rachels-MacBook-Air-75.local].
[2022-01-24 17:40:55,861][INFO][make_recon_imgs.py:105]:	Beginning...Reconstructing all images...
[2022-01-24 17:40:55,868][INFO][make_recon_imgs.py:61]:		Reconstructing expt id:	c2sf3cm
[2022-01-24 17:40:55,916][INFO][make_recon_imgs.py:85]:			Beginning DAS reconstruction...
[2022-01-24 18:39:49,477][INFO][__init__.py:126]:	UM-BMS Logger initialized in host [Rachels-MacBook-Air-75.local].
[2022-01-24 18:39:49,478][INFO][make_recon_imgs.py:105]:	Beginning...Reconstructing all images...
[2022-01-24 18:39:49,481][INFO][make_recon_imgs.py:61]:		Reconstructing expt id:	c2sf3cm
[2022-01-24 18:39:49,532][INFO][make_recon_imgs.py:85]:			Beginning DAS reconstruction...
[2022-01-24 19:20:41,466][INFO][__init__.py:126]:	UM-BMS Logger initialized in host [Rachels-MacBook-Air-75.local].
[2022-01-24 19:20:41,468][INFO][make_recon_imgs.py:105]:	Beginning...Reconstructing all images...
[2022-01-24 19:20:41,470][INFO][make_recon_imgs.py:61]:		Reconstructing expt id:	c2sf3cm
[2022-01-24 19:20:41,514][INFO][make_recon_imgs.py:85]:			Beginning DAS reconstruction...
[2022-01-24 19:29:03,492][INFO][__init__.py:126]:	UM-BMS Logger initialized in host [Rachels-MacBook-Air-75.local].
[2022-01-24 19:29:03,492][INFO][make_recon_imgs.py:105]:	Beginning...Reconstructing all images...
[2022-01-24 19:29:03,493][INFO][make_recon_imgs.py:61]:		Reconstructing expt id:	c2sf3cm
[2022-01-24 19:29:03,527][INFO][make_recon_imgs.py:85]:			Beginning DAS reconstruction...
[2022-01-25 16:36:29,662][INFO][__init__.py:126]:	UM-BMS Logger initialized in host [Rachels-MacBook-Air-75.local].
[2022-01-25 16:36:29,666][INFO][make_recon_imgs.py:105]:	Beginning...Reconstructing all images...
[2022-01-25 16:36:29,668][INFO][make_recon_imgs.py:61]:		Reconstructing expt id:	c2sf3cm
[2022-01-25 16:36:29,727][INFO][make_recon_imgs.py:85]:			Beginning DAS reconstruction...
[2022-01-25 16:39:45,851][INFO][__init__.py:126]:	UM-BMS Logger initialized in host [Rachels-MacBook-Air-75.local].
[2022-01-25 16:39:45,853][INFO][make_recon_imgs.py:105]:	Beginning...Reconstructing all images...
[2022-01-25 16:39:45,857][INFO][make_recon_imgs.py:61]:		Reconstructing expt id:	c2sf3cm
[2022-01-25 16:39:45,959][INFO][make_recon_imgs.py:85]:			Beginning DAS reconstruction...
[2022-01-25 17:45:57,585][INFO][__init__.py:126]:	UM-BMS Logger initialized in host [Rachels-MacBook-Air-75.local].
[2022-01-25 17:45:57,587][INFO][make_recon_imgs.py:105]:	Beginning...Reconstructing all images...
[2022-01-25 17:45:57,590][INFO][make_recon_imgs.py:61]:		Reconstructing expt id:	c2sf3cm
[2022-01-25 17:45:57,631][INFO][make_recon_imgs.py:85]:			Beginning DAS reconstruction...
[2022-01-25 17:54:40,440][INFO][__init__.py:126]:	UM-BMS Logger initialized in host [Rachels-MacBook-Air-75.local].
[2022-01-25 17:54:40,442][INFO][make_recon_imgs.py:105]:	Beginning...Reconstructing all images...
[2022-01-25 17:54:40,446][INFO][make_recon_imgs.py:61]:		Reconstructing expt id:	c2sf3cm
[2022-01-25 17:54:40,483][INFO][make_recon_imgs.py:85]:			Beginning DAS reconstruction...
[2022-01-25 17:58:25,675][INFO][__init__.py:126]:	UM-BMS Logger initialized in host [Rachels-MacBook-Air-75.local].
[2022-01-25 17:58:25,677][INFO][make_recon_imgs.py:105]:	Beginning...Reconstructing all images...
[2022-01-25 17:58:25,681][INFO][make_recon_imgs.py:61]:		Reconstructing expt id:	c2sf3cm
[2022-01-25 17:58:25,731][INFO][make_recon_imgs.py:85]:			Beginning DAS reconstruction...
[2022-01-25 17:59:07,671][INFO][__init__.py:126]:	UM-BMS Logger initialized in host [Rachels-MacBook-Air-75.local].
[2022-01-25 17:59:07,671][INFO][make_recon_imgs.py:105]:	Beginning...Reconstructing all images...
[2022-01-25 17:59:07,674][INFO][make_recon_imgs.py:61]:		Reconstructing expt id:	c2sf3cm
[2022-01-25 17:59:07,729][INFO][make_recon_imgs.py:85]:			Beginning DAS reconstruction...
[2022-01-25 18:02:00,228][INFO][__init__.py:126]:	UM-BMS Logger initialized in host [Rachels-MacBook-Air-75.local].
[2022-01-25 18:02:00,229][INFO][make_recon_imgs.py:105]:	Beginning...Reconstructing all images...
[2022-01-25 18:02:00,254][INFO][make_recon_imgs.py:61]:		Reconstructing expt id:	c2sf3cm
[2022-01-25 18:02:00,298][INFO][make_recon_imgs.py:85]:			Beginning DAS reconstruction...
[2022-01-25 18:03:39,175][INFO][__init__.py:126]:	UM-BMS Logger initialized in host [Rachels-MacBook-Air-75.local].
[2022-01-25 18:03:39,175][INFO][make_recon_imgs.py:105]:	Beginning...Reconstructing all images...
[2022-01-25 18:03:39,183][INFO][make_recon_imgs.py:61]:		Reconstructing expt id:	c2sf3cm
[2022-01-25 18:03:39,230][INFO][make_recon_imgs.py:85]:			Beginning DAS reconstruction...
[2022-01-25 18:06:26,831][INFO][__init__.py:126]:	UM-BMS Logger initialized in host [Rachels-MacBook-Air-75.local].
[2022-01-25 18:06:26,831][INFO][make_recon_imgs.py:105]:	Beginning...Reconstructing all images...
[2022-01-25 18:06:26,842][INFO][make_recon_imgs.py:61]:		Reconstructing expt id:	c1mf2cm
[2022-01-25 18:06:26,895][INFO][make_recon_imgs.py:85]:			Beginning DAS reconstruction...
[2022-01-25 18:13:49,860][INFO][__init__.py:126]:	UM-BMS Logger initialized in host [Rachels-MacBook-Air-75.local].
[2022-01-25 18:13:49,862][INFO][make_recon_imgs.py:97]:	Beginning...Reconstructing all images...
[2022-01-25 18:13:49,865][INFO][make_recon_imgs.py:61]:		Reconstructing expt id:	c1mf2cm
[2022-01-25 18:13:49,919][INFO][make_recon_imgs.py:77]:			Beginning DAS reconstruction...
[2022-01-25 18:23:49,111][INFO][__init__.py:126]:	UM-BMS Logger initialized in host [Rachels-MacBook-Air-75.local].
[2022-01-25 18:23:49,114][INFO][make_recon_imgs.py:97]:	Beginning...Reconstructing all images...
[2022-01-25 18:23:49,125][INFO][make_recon_imgs.py:61]:		Reconstructing expt id:	c1mf2cm
[2022-01-25 18:23:49,215][INFO][make_recon_imgs.py:77]:			Beginning DAS reconstruction...
[2022-01-25 18:23:59,974][INFO][__init__.py:126]:	UM-BMS Logger initialized in host [Rachels-MacBook-Air-75.local].
[2022-01-25 18:23:59,974][INFO][make_recon_imgs.py:97]:	Beginning...Reconstructing all images...
[2022-01-25 18:23:59,975][INFO][make_recon_imgs.py:61]:		Reconstructing expt id:	c1mf2cm
[2022-01-25 18:24:00,039][INFO][make_recon_imgs.py:77]:			Beginning DAS reconstruction...
[2022-01-27 21:31:07,049][INFO][__init__.py:126]:	UM-BMS Logger initialized in host [Rachels-MacBook-Air-75.local].
[2022-01-27 21:31:07,051][INFO][make_recon_imgs.py:97]:	Beginning...Reconstructing all images...
[2022-01-27 21:31:07,053][INFO][make_recon_imgs.py:61]:		Reconstructing expt id:	c1mf2cm
[2022-01-27 21:31:07,113][INFO][make_recon_imgs.py:77]:			Beginning DAS reconstruction...
[2022-01-27 21:32:42,035][INFO][__init__.py:126]:	UM-BMS Logger initialized in host [Rachels-MacBook-Air-75.local].
[2022-01-27 21:32:42,035][INFO][make_recon_imgs.py:97]:	Beginning...Reconstructing all images...
[2022-01-27 21:32:42,036][INFO][make_recon_imgs.py:61]:		Reconstructing expt id:	c1mf2cm
[2022-01-27 21:32:42,072][INFO][make_recon_imgs.py:77]:			Beginning DAS reconstruction...
[2022-01-29 17:33:40,820][INFO][__init__.py:126]:	UM-BMS Logger initialized in host [Rachels-MacBook-Air-75.local].
[2022-01-29 17:33:40,823][INFO][make_recon_imgs.py:97]:	Beginning...Reconstructing all images...
[2022-01-29 17:33:40,828][INFO][make_recon_imgs.py:61]:		Reconstructing expt id:	c1mf2cm
[2022-01-29 17:33:40,880][INFO][make_recon_imgs.py:77]:			Beginning DAS reconstruction...
[2022-01-29 18:49:54,665][INFO][__init__.py:126]:	UM-BMS Logger initialized in host [Rachels-MacBook-Air-75.local].
[2022-01-29 18:49:54,667][INFO][make_recon_imgs.py:103]:	Beginning...Reconstructing all images...
[2022-01-29 18:50:56,145][INFO][__init__.py:126]:	UM-BMS Logger initialized in host [Rachels-MacBook-Air-75.local].
[2022-01-29 18:50:56,146][INFO][make_recon_imgs.py:103]:	Beginning...Reconstructing all images...
[2022-01-29 18:51:04,088][INFO][make_recon_imgs.py:65]:		Reconstructing expt id:	423
[2022-01-29 18:52:29,354][INFO][__init__.py:126]:	UM-BMS Logger initialized in host [Rachels-MacBook-Air-75.local].
[2022-01-29 18:52:29,355][INFO][make_recon_imgs.py:103]:	Beginning...Reconstructing all images...
[2022-01-29 18:52:34,242][INFO][make_recon_imgs.py:65]:		Reconstructing expt id:	423
[2022-01-29 18:53:48,518][INFO][__init__.py:126]:	UM-BMS Logger initialized in host [Rachels-MacBook-Air-75.local].
[2022-01-29 18:53:48,518][INFO][make_recon_imgs.py:103]:	Beginning...Reconstructing all images...
[2022-01-29 18:53:52,333][INFO][make_recon_imgs.py:65]:		Reconstructing expt id:	423
[2022-01-29 18:53:52,388][INFO][make_recon_imgs.py:81]:			Beginning DAS reconstruction...
[2022-01-29 18:54:10,888][INFO][__init__.py:126]:	UM-BMS Logger initialized in host [Rachels-MacBook-Air-75.local].
[2022-01-29 18:54:10,888][INFO][make_recon_imgs.py:104]:	Beginning...Reconstructing all images...
[2022-01-29 18:54:13,259][INFO][make_recon_imgs.py:66]:		Reconstructing expt id:	423
[2022-01-29 18:54:13,297][INFO][make_recon_imgs.py:82]:			Beginning DAS reconstruction...
[2022-01-29 18:56:41,124][INFO][__init__.py:126]:	UM-BMS Logger initialized in host [Rachels-MacBook-Air-75.local].
[2022-01-29 18:56:41,125][INFO][make_recon_imgs.py:105]:	Beginning...Reconstructing all images...
[2022-01-29 18:56:44,515][INFO][make_recon_imgs.py:66]:		Reconstructing expt id:	423
[2022-01-29 18:56:44,567][INFO][make_recon_imgs.py:82]:			Beginning DAS reconstruction...
[2022-01-29 18:57:43,266][INFO][__init__.py:126]:	UM-BMS Logger initialized in host [Rachels-MacBook-Air-75.local].
[2022-01-29 18:57:43,266][INFO][make_recon_imgs.py:105]:	Beginning...Reconstructing all images...
[2022-01-29 18:57:45,208][INFO][make_recon_imgs.py:66]:		Reconstructing expt id:	423
[2022-01-29 18:57:45,243][INFO][make_recon_imgs.py:82]:			Beginning DAS reconstruction...
[2022-01-29 18:58:09,175][INFO][make_recon_imgs.py:66]:		Reconstructing expt id:	438
[2022-01-29 18:58:09,208][INFO][make_recon_imgs.py:82]:			Beginning DAS reconstruction...
[2022-01-29 18:58:31,239][INFO][make_recon_imgs.py:66]:		Reconstructing expt id:	660
[2022-01-29 18:58:31,270][INFO][make_recon_imgs.py:82]:			Beginning DAS reconstruction...
[2022-01-29 18:58:53,452][INFO][make_recon_imgs.py:66]:		Reconstructing expt id:	82
[2022-01-29 18:58:53,481][INFO][make_recon_imgs.py:82]:			Beginning DAS reconstruction...
[2022-01-29 18:59:15,625][INFO][make_recon_imgs.py:66]:		Reconstructing expt id:	90
[2022-01-29 18:59:15,658][INFO][make_recon_imgs.py:82]:			Beginning DAS reconstruction...
[2022-01-29 18:59:38,563][INFO][make_recon_imgs.py:66]:		Reconstructing expt id:	93
[2022-01-29 18:59:38,596][INFO][make_recon_imgs.py:82]:			Beginning DAS reconstruction...
[2022-01-29 19:00:00,722][INFO][make_recon_imgs.py:66]:		Reconstructing expt id:	95
[2022-01-29 19:00:00,753][INFO][make_recon_imgs.py:82]:			Beginning DAS reconstruction...
[2022-01-29 19:00:22,798][INFO][make_recon_imgs.py:66]:		Reconstructing expt id:	96
[2022-01-29 19:00:22,829][INFO][make_recon_imgs.py:82]:			Beginning DAS reconstruction...
[2022-01-29 19:00:44,934][INFO][make_recon_imgs.py:66]:		Reconstructing expt id:	240
[2022-01-29 19:00:44,966][INFO][make_recon_imgs.py:82]:			Beginning DAS reconstruction...
[2022-01-29 19:01:07,064][INFO][make_recon_imgs.py:66]:		Reconstructing expt id:	241
[2022-01-29 19:01:07,095][INFO][make_recon_imgs.py:82]:			Beginning DAS reconstruction...
[2022-01-29 19:01:29,754][INFO][make_recon_imgs.py:66]:		Reconstructing expt id:	127
[2022-01-29 19:01:29,788][INFO][make_recon_imgs.py:82]:			Beginning DAS reconstruction...
[2022-01-29 19:01:51,940][INFO][make_recon_imgs.py:66]:		Reconstructing expt id:	128
[2022-01-29 19:01:51,974][INFO][make_recon_imgs.py:82]:			Beginning DAS reconstruction...
[2022-01-29 19:02:13,990][INFO][make_recon_imgs.py:66]:		Reconstructing expt id:	129
[2022-01-29 19:02:14,027][INFO][make_recon_imgs.py:82]:			Beginning DAS reconstruction...
[2022-01-29 19:02:39,584][INFO][make_recon_imgs.py:66]:		Reconstructing expt id:	130
[2022-01-29 19:02:39,610][INFO][make_recon_imgs.py:82]:			Beginning DAS reconstruction...
[2022-01-29 19:03:09,494][INFO][make_recon_imgs.py:66]:		Reconstructing expt id:	131
[2022-01-29 19:03:09,530][INFO][make_recon_imgs.py:82]:			Beginning DAS reconstruction...
[2022-01-29 19:03:35,278][INFO][make_recon_imgs.py:66]:		Reconstructing expt id:	132
[2022-01-29 19:03:35,316][INFO][make_recon_imgs.py:82]:			Beginning DAS reconstruction...
[2022-01-29 19:04:01,405][INFO][make_recon_imgs.py:66]:		Reconstructing expt id:	133
[2022-01-29 19:04:01,437][INFO][make_recon_imgs.py:82]:			Beginning DAS reconstruction...
[2022-01-29 19:04:27,644][INFO][make_recon_imgs.py:66]:		Reconstructing expt id:	134
[2022-01-29 19:04:27,676][INFO][make_recon_imgs.py:82]:			Beginning DAS reconstruction...
[2022-01-29 19:04:51,445][INFO][make_recon_imgs.py:66]:		Reconstructing expt id:	135
[2022-01-29 19:04:51,483][INFO][make_recon_imgs.py:82]:			Beginning DAS reconstruction...
[2022-01-29 19:05:15,959][INFO][make_recon_imgs.py:66]:		Reconstructing expt id:	916
[2022-01-29 19:05:15,988][INFO][make_recon_imgs.py:82]:			Beginning DAS reconstruction...
[2022-01-29 19:05:43,809][INFO][make_recon_imgs.py:66]:		Reconstructing expt id:	917
[2022-01-29 19:05:43,848][INFO][make_recon_imgs.py:82]:			Beginning DAS reconstruction...
[2022-01-29 19:06:15,420][INFO][make_recon_imgs.py:66]:		Reconstructing expt id:	918
[2022-01-29 19:06:15,460][INFO][make_recon_imgs.py:82]:			Beginning DAS reconstruction...
[2022-01-29 19:06:42,841][INFO][make_recon_imgs.py:66]:		Reconstructing expt id:	919
[2022-01-29 19:06:42,870][INFO][make_recon_imgs.py:82]:			Beginning DAS reconstruction...
[2022-01-29 19:17:40,428][INFO][__init__.py:126]:	UM-BMS Logger initialized in host [Rachels-MacBook-Air-75.local].
[2022-01-29 19:17:40,428][INFO][make_recon_imgs.py:105]:	Beginning...Reconstructing all images...
[2022-01-29 19:17:44,566][INFO][make_recon_imgs.py:66]:		Reconstructing expt id:	919
[2022-01-29 19:17:44,608][INFO][make_recon_imgs.py:82]:			Beginning DAS reconstruction...
[2022-01-29 19:21:03,006][INFO][__init__.py:126]:	UM-BMS Logger initialized in host [Rachels-MacBook-Air-75.local].
[2022-01-29 19:21:03,007][INFO][make_recon_imgs.py:105]:	Beginning...Reconstructing all images...
[2022-01-29 19:21:07,047][INFO][make_recon_imgs.py:66]:		Reconstructing expt id:	919
[2022-01-29 19:22:51,570][INFO][__init__.py:126]:	UM-BMS Logger initialized in host [Rachels-MacBook-Air-75.local].
[2022-01-29 19:22:51,571][INFO][make_recon_imgs.py:105]:	Beginning...Reconstructing all images...
[2022-01-29 19:22:53,667][INFO][make_recon_imgs.py:66]:		Reconstructing expt id:	919
[2022-01-29 19:23:05,514][INFO][__init__.py:126]:	UM-BMS Logger initialized in host [Rachels-MacBook-Air-75.local].
[2022-01-29 19:23:05,514][INFO][make_recon_imgs.py:105]:	Beginning...Reconstructing all images...
[2022-01-29 19:23:07,318][INFO][make_recon_imgs.py:66]:		Reconstructing expt id:	93
[2022-01-29 19:23:22,897][INFO][__init__.py:126]:	UM-BMS Logger initialized in host [Rachels-MacBook-Air-75.local].
[2022-01-29 19:23:22,897][INFO][make_recon_imgs.py:105]:	Beginning...Reconstructing all images...
[2022-01-29 19:23:25,159][INFO][make_recon_imgs.py:66]:		Reconstructing expt id:	93
[2022-01-29 19:23:54,862][INFO][__init__.py:126]:	UM-BMS Logger initialized in host [Rachels-MacBook-Air-75.local].
[2022-01-29 19:23:54,863][INFO][make_recon_imgs.py:105]:	Beginning...Reconstructing all images...
[2022-01-29 19:23:56,647][INFO][make_recon_imgs.py:66]:		Reconstructing expt id:	93
[2022-01-29 19:25:18,385][INFO][__init__.py:126]:	UM-BMS Logger initialized in host [Rachels-MacBook-Air-75.local].
[2022-01-29 19:25:18,385][INFO][make_recon_imgs.py:105]:	Beginning...Reconstructing all images...
[2022-01-29 19:25:20,172][INFO][make_recon_imgs.py:66]:		Reconstructing expt id:	93
[2022-01-29 19:25:20,209][INFO][make_recon_imgs.py:82]:			Beginning DAS reconstruction...
[2022-01-29 19:26:57,487][INFO][__init__.py:126]:	UM-BMS Logger initialized in host [Rachels-MacBook-Air-75.local].
[2022-01-29 19:26:57,487][INFO][make_recon_imgs.py:105]:	Beginning...Reconstructing all images...
[2022-01-29 19:26:59,190][INFO][make_recon_imgs.py:66]:		Reconstructing expt id:	93
[2022-01-29 19:26:59,229][INFO][make_recon_imgs.py:82]:			Beginning DAS reconstruction...
[2022-01-29 19:40:14,773][INFO][__init__.py:126]:	UM-BMS Logger initialized in host [Rachels-MacBook-Air-75.local].
[2022-01-29 19:40:14,774][INFO][make_recon_imgs.py:105]:	Beginning...Reconstructing all images...
[2022-01-29 19:40:18,401][INFO][make_recon_imgs.py:66]:		Reconstructing expt id:	93
[2022-01-29 19:40:18,435][INFO][make_recon_imgs.py:82]:			Beginning DAS reconstruction...
[2022-01-29 19:43:01,785][INFO][__init__.py:126]:	UM-BMS Logger initialized in host [Rachels-MacBook-Air-75.local].
[2022-01-29 19:43:01,786][INFO][make_recon_imgs.py:105]:	Beginning...Reconstructing all images...
[2022-01-29 19:43:03,804][INFO][make_recon_imgs.py:66]:		Reconstructing expt id:	423
[2022-01-29 19:43:03,848][INFO][make_recon_imgs.py:82]:			Beginning DAS reconstruction...
[2022-01-29 19:43:35,629][INFO][make_recon_imgs.py:66]:		Reconstructing expt id:	438
[2022-01-29 19:43:35,661][INFO][make_recon_imgs.py:82]:			Beginning DAS reconstruction...
[2022-01-29 19:44:05,517][INFO][make_recon_imgs.py:66]:		Reconstructing expt id:	660
[2022-01-29 19:44:05,549][INFO][make_recon_imgs.py:82]:			Beginning DAS reconstruction...
[2022-01-29 19:44:42,995][INFO][make_recon_imgs.py:66]:		Reconstructing expt id:	82
[2022-01-29 19:44:43,021][INFO][make_recon_imgs.py:82]:			Beginning DAS reconstruction...
[2022-01-29 19:45:19,876][INFO][make_recon_imgs.py:66]:		Reconstructing expt id:	90
[2022-01-29 19:45:19,923][INFO][make_recon_imgs.py:82]:			Beginning DAS reconstruction...
[2022-01-29 19:45:53,602][INFO][make_recon_imgs.py:66]:		Reconstructing expt id:	93
[2022-01-29 19:45:53,628][INFO][make_recon_imgs.py:82]:			Beginning DAS reconstruction...
[2022-01-29 19:46:27,228][INFO][make_recon_imgs.py:66]:		Reconstructing expt id:	95
[2022-01-29 19:46:27,251][INFO][make_recon_imgs.py:82]:			Beginning DAS reconstruction...
[2022-01-29 19:47:00,120][INFO][make_recon_imgs.py:66]:		Reconstructing expt id:	96
[2022-01-29 19:47:00,162][INFO][make_recon_imgs.py:82]:			Beginning DAS reconstruction...
[2022-01-29 19:47:27,980][INFO][make_recon_imgs.py:66]:		Reconstructing expt id:	240
[2022-01-29 19:47:28,002][INFO][make_recon_imgs.py:82]:			Beginning DAS reconstruction...
[2022-01-29 19:47:52,736][INFO][make_recon_imgs.py:66]:		Reconstructing expt id:	241
[2022-01-29 19:47:52,759][INFO][make_recon_imgs.py:82]:			Beginning DAS reconstruction...
[2022-01-29 19:48:17,600][INFO][make_recon_imgs.py:66]:		Reconstructing expt id:	127
[2022-01-29 19:48:17,623][INFO][make_recon_imgs.py:82]:			Beginning DAS reconstruction...
[2022-01-29 19:48:42,146][INFO][make_recon_imgs.py:66]:		Reconstructing expt id:	128
[2022-01-29 19:48:42,170][INFO][make_recon_imgs.py:82]:			Beginning DAS reconstruction...
[2022-01-29 19:49:06,610][INFO][make_recon_imgs.py:66]:		Reconstructing expt id:	129
[2022-01-29 19:49:06,632][INFO][make_recon_imgs.py:82]:			Beginning DAS reconstruction...
[2022-01-29 19:49:31,545][INFO][make_recon_imgs.py:66]:		Reconstructing expt id:	130
[2022-01-29 19:49:31,569][INFO][make_recon_imgs.py:82]:			Beginning DAS reconstruction...
[2022-01-29 19:49:56,205][INFO][make_recon_imgs.py:66]:		Reconstructing expt id:	131
[2022-01-29 19:49:56,228][INFO][make_recon_imgs.py:82]:			Beginning DAS reconstruction...
[2022-01-29 19:50:20,702][INFO][make_recon_imgs.py:66]:		Reconstructing expt id:	132
[2022-01-29 19:50:20,725][INFO][make_recon_imgs.py:82]:			Beginning DAS reconstruction...
[2022-01-29 19:50:45,323][INFO][make_recon_imgs.py:66]:		Reconstructing expt id:	133
[2022-01-29 19:50:45,346][INFO][make_recon_imgs.py:82]:			Beginning DAS reconstruction...
[2022-01-29 19:51:11,858][INFO][make_recon_imgs.py:66]:		Reconstructing expt id:	134
[2022-01-29 19:51:11,901][INFO][make_recon_imgs.py:82]:			Beginning DAS reconstruction...
[2022-01-29 19:51:43,235][INFO][make_recon_imgs.py:66]:		Reconstructing expt id:	135
[2022-01-29 19:51:43,262][INFO][make_recon_imgs.py:82]:			Beginning DAS reconstruction...
[2022-01-29 19:52:07,946][INFO][make_recon_imgs.py:66]:		Reconstructing expt id:	916
[2022-01-29 19:52:07,971][INFO][make_recon_imgs.py:82]:			Beginning DAS reconstruction...
[2022-01-29 19:52:32,593][INFO][make_recon_imgs.py:66]:		Reconstructing expt id:	917
[2022-01-29 19:52:32,616][INFO][make_recon_imgs.py:82]:			Beginning DAS reconstruction...
[2022-01-29 19:53:06,611][INFO][make_recon_imgs.py:66]:		Reconstructing expt id:	918
[2022-01-29 19:53:06,639][INFO][make_recon_imgs.py:82]:			Beginning DAS reconstruction...
[2022-01-29 19:53:34,589][INFO][make_recon_imgs.py:66]:		Reconstructing expt id:	919
[2022-01-29 19:53:34,613][INFO][make_recon_imgs.py:82]:			Beginning DAS reconstruction...
